This file contains any messages produced by compilers while
running configure, to aid debugging if configure makes a mistake.

It was created by GAP configure 4.12.2, which was
generated by GNU Autoconf 2.71.  Invocation command line was

  $ ./configure --with-gmp=/opt/homebrew --with-readline=/opt/homebrew/opt/readline

## --------- ##
## Platform. ##
## --------- ##

hostname = dhcp-vl2043-4716.cornell-visitor.cit.cornell.edu
uname -m = arm64
uname -r = 20.6.0
uname -s = Darwin
uname -v = Darwin Kernel Version 20.6.0: Mon Aug 30 06:12:20 PDT 2021; root:xnu-7195.141.6~3/RELEASE_ARM64_T8101

/usr/bin/uname -p = arm
/bin/uname -X     = unknown

/bin/arch              = unknown
/usr/bin/arch -k       = unknown
/usr/convex/getsysinfo = unknown
/usr/bin/hostinfo      = Mach kernel version:
	 Darwin Kernel Version 20.6.0: Mon Aug 30 06:12:20 PDT 2021; root:xnu-7195.141.6~3/RELEASE_ARM64_T8101
Kernel configured for up to 8 processors.
8 processors are physically available.
8 processors are logically available.
Processor type: arm64e (ARM64E)
Processors active: 0 1 2 3 4 5 6 7
Primary memory available: 8.00 gigabytes
Default processor set: 293 tasks, 2066 threads, 8 processors
Load average: 8.61, Mach factor: 1.96
/bin/machine           = unknown
/usr/bin/oslevel       = unknown
/bin/universe          = unknown

PATH: /opt/homebrew/bin/
PATH: /opt/homebrew/sbin/
PATH: /Users/jakechuharski/.julia/juliaup/bin/
PATH: /Users/jakechuharski/opt/anaconda3/bin/
PATH: /Users/jakechuharski/opt/anaconda3/condabin/
PATH: /Library/Frameworks/Python.framework/Versions/3.10/bin/
PATH: /usr/local/bin/
PATH: /usr/bin/
PATH: /bin/
PATH: /usr/sbin/
PATH: /sbin/


## ----------- ##
## Core tests. ##
## ----------- ##

configure:3109: looking for aux files: ltmain.sh install-sh config.guess config.sub
configure:3122:  trying ./cnf/
configure:3151:   ./cnf/ltmain.sh found
configure:3133:   ./cnf/install-sh found
configure:3151:   ./cnf/config.guess found
configure:3151:   ./cnf/config.sub found
configure:3285: checking build system type
configure:3300: result: aarch64-apple-darwin20.6.0
configure:3320: checking host system type
configure:3334: result: aarch64-apple-darwin20.6.0
configure:3418: checking for gcc
configure:3439: found /usr/bin/gcc
configure:3450: result: gcc
configure:3803: checking for C compiler version
configure:3812: gcc --version >&5
Apple clang version 12.0.5 (clang-1205.0.22.11)
Target: arm64-apple-darwin20.6.0
Thread model: posix
InstalledDir: /Library/Developer/CommandLineTools/usr/bin
Configured with: --prefix=/Library/Developer/CommandLineTools/usr --with-gxx-include-dir=/Library/Developer/CommandLineTools/SDKs/MacOSX.sdk/usr/include/c++/4.2.1
configure:3823: $? = 0
configure:3812: gcc -v >&5
Configured with: --prefix=/Library/Developer/CommandLineTools/usr --with-gxx-include-dir=/Library/Developer/CommandLineTools/SDKs/MacOSX.sdk/usr/include/c++/4.2.1
Apple clang version 12.0.5 (clang-1205.0.22.11)
Target: arm64-apple-darwin20.6.0
Thread model: posix
InstalledDir: /Library/Developer/CommandLineTools/usr/bin
configure:3823: $? = 0
configure:3812: gcc -V >&5
clang: error: argument to '-V' is missing (expected 1 value)
clang: error: no input files
configure:3823: $? = 1
configure:3812: gcc -qversion >&5
clang: error: unknown argument '-qversion'; did you mean '--version'?
clang: error: no input files
configure:3823: $? = 1
configure:3812: gcc -version >&5
clang: error: unknown argument '-version'; did you mean '--version'?
clang: error: no input files
configure:3823: $? = 1
configure:3843: checking whether the C compiler works
configure:3865: gcc    conftest.c  >&5
configure:3869: $? = 0
configure:3919: result: yes
configure:3922: checking for C compiler default output file name
configure:3924: result: a.out
configure:3930: checking for suffix of executables
configure:3937: gcc -o conftest    conftest.c  >&5
configure:3941: $? = 0
configure:3964: result: 
configure:3986: checking whether we are cross compiling
configure:3994: gcc -o conftest    conftest.c  >&5
configure:3998: $? = 0
configure:4005: ./conftest
configure:4009: $? = 0
configure:4024: result: no
configure:4029: checking for suffix of object files
configure:4052: gcc -c   conftest.c >&5
configure:4056: $? = 0
configure:4078: result: o
configure:4082: checking whether the compiler supports GNU C
configure:4102: gcc -c   conftest.c >&5
configure:4102: $? = 0
configure:4112: result: yes
configure:4123: checking whether gcc accepts -g
configure:4144: gcc -c -g  conftest.c >&5
configure:4144: $? = 0
configure:4188: result: yes
configure:4208: checking for gcc option to enable C11 features
configure:4223: gcc  -c -g -O2  conftest.c >&5
configure:4223: $? = 0
configure:4241: result: none needed
configure:4420: checking for g++
configure:4441: found /usr/bin/g++
configure:4452: result: g++
configure:4479: checking for C++ compiler version
configure:4488: g++ --version >&5
Apple clang version 12.0.5 (clang-1205.0.22.11)
Target: arm64-apple-darwin20.6.0
Thread model: posix
InstalledDir: /Library/Developer/CommandLineTools/usr/bin
Configured with: --prefix=/Library/Developer/CommandLineTools/usr --with-gxx-include-dir=/Library/Developer/CommandLineTools/SDKs/MacOSX.sdk/usr/include/c++/4.2.1
configure:4499: $? = 0
configure:4488: g++ -v >&5
Configured with: --prefix=/Library/Developer/CommandLineTools/usr --with-gxx-include-dir=/Library/Developer/CommandLineTools/SDKs/MacOSX.sdk/usr/include/c++/4.2.1
Apple clang version 12.0.5 (clang-1205.0.22.11)
Target: arm64-apple-darwin20.6.0
Thread model: posix
InstalledDir: /Library/Developer/CommandLineTools/usr/bin
configure:4499: $? = 0
configure:4488: g++ -V >&5
clang: error: argument to '-V' is missing (expected 1 value)
clang: error: no input files
configure:4499: $? = 1
configure:4488: g++ -qversion >&5
clang: error: unknown argument '-qversion'; did you mean '--version'?
clang: error: no input files
configure:4499: $? = 1
configure:4503: checking whether the compiler supports GNU C++
configure:4523: g++ -c   conftest.cpp >&5
configure:4523: $? = 0
configure:4533: result: yes
configure:4544: checking whether g++ accepts -g
configure:4565: g++ -c -g  conftest.cpp >&5
configure:4565: $? = 0
configure:4609: result: yes
configure:4629: checking for g++ option to enable C++11 features
configure:4644: g++  -c -g -O2  conftest.cpp >&5
conftest.cpp:55:3: error: "Compiler does not advertise C++11 conformance"
# error "Compiler does not advertise C++11 conformance"
  ^
conftest.cpp:60:3: error: unknown type name 'constexpr'
  constexpr int get_val() { return 20; }
  ^
conftest.cpp:72:17: error: delegating constructors are permitted only in C++11
    delegate(): delegate(2354) {}
                ^~~~~~~~
conftest.cpp:83:26: warning: 'override' keyword is a C++11 extension [-Wc++11-extensions]
    virtual int getval() override final { return this->n * 2; }
                         ^
conftest.cpp:83:35: warning: 'final' keyword is a C++11 extension [-Wc++11-extensions]
    virtual int getval() override final { return this->n * 2; }
                                  ^
conftest.cpp:90:16: warning: defaulted function definitions are a C++11 extension [-Wc++11-extensions]
    nocopy() = default;
               ^
conftest.cpp:91:29: warning: deleted function definitions are a C++11 extension [-Wc++11-extensions]
    nocopy(const nocopy&) = delete;
                            ^
conftest.cpp:92:41: warning: deleted function definitions are a C++11 extension [-Wc++11-extensions]
    nocopy & operator=(const nocopy&) = delete;
                                        ^
conftest.cpp:104:25: warning: 'auto' type specifier is a C++11 extension [-Wc++11-extensions]
  template <typename V> auto sum(V first) -> V
                        ^
conftest.cpp:104:25: error: 'auto' not allowed in function return type
  template <typename V> auto sum(V first) -> V
                        ^~~~
conftest.cpp:104:42: error: expected ';' at end of declaration
  template <typename V> auto sum(V first) -> V
                                         ^
                                         ;
conftest.cpp:104:43: error: cannot use arrow operator on a type
  template <typename V> auto sum(V first) -> V
                                          ^
conftest.cpp:108:33: warning: variadic templates are a C++11 extension [-Wc++11-extensions]
  template <typename V, typename... Args> auto sum(V first, Args... rest) -> V
                                ^
conftest.cpp:108:43: warning: 'auto' type specifier is a C++11 extension [-Wc++11-extensions]
  template <typename V, typename... Args> auto sum(V first, Args... rest) -> V
                                          ^
conftest.cpp:108:43: error: 'auto' not allowed in function return type
  template <typename V, typename... Args> auto sum(V first, Args... rest) -> V
                                          ^~~~
conftest.cpp:108:74: error: expected ';' at end of declaration
  template <typename V, typename... Args> auto sum(V first, Args... rest) -> V
                                                                         ^
                                                                         ;
conftest.cpp:108:75: error: cannot use arrow operator on a type
  template <typename V, typename... Args> auto sum(V first, Args... rest) -> V
                                                                          ^
conftest.cpp:132:3: warning: 'auto' type specifier is a C++11 extension [-Wc++11-extensions]
  auto a1 = 6538;
  ^
conftest.cpp:133:3: warning: 'auto' type specifier is a C++11 extension [-Wc++11-extensions]
  auto a2 = 48573953.4;
  ^
conftest.cpp:134:3: warning: 'auto' type specifier is a C++11 extension [-Wc++11-extensions]
  auto a3 = "String literal";
  ^
conftest.cpp:137:8: warning: 'auto' type specifier is a C++11 extension [-Wc++11-extensions]
  for (auto i = a3; *i; ++i) { total += *i; }
       ^
conftest.cpp:153:8: warning: 'auto' type specifier is a C++11 extension [-Wc++11-extensions]
  for (auto &x : array) { x += 23; }
       ^
conftest.cpp:153:16: warning: range-based for loop is a C++11 extension [-Wc++11-extensions]
  for (auto &x : array) { x += 23; }
               ^
conftest.cpp:158:17: error: expected expression
  assert (eval ([](int x) { return x*2; }, 21) == 42);
                ^
conftest.cpp:160:17: error: expected expression
  assert (eval ([&](double x) { return d += x; }, 3.0) == 5.0);
                ^
conftest.cpp:162:17: error: expected expression
  assert (eval ([=](double x) mutable { return d += x; }, 4.0) == 9.0);
                ^
conftest.cpp:168:3: warning: 'auto' type specifier is a C++11 extension [-Wc++11-extensions]
  auto a = sum(1);
  ^
conftest.cpp:168:12: error: no matching function for call to 'sum'
  auto a = sum(1);
           ^~~
conftest.cpp:169:3: warning: 'auto' type specifier is a C++11 extension [-Wc++11-extensions]
  auto b = sum(1, 2);
  ^
conftest.cpp:169:12: error: no matching function for call to 'sum'
  auto b = sum(1, 2);
           ^~~
conftest.cpp:170:3: warning: 'auto' type specifier is a C++11 extension [-Wc++11-extensions]
  auto c = sum(1.0, 2.0, 3.0);
  ^
conftest.cpp:170:12: error: no matching function for call to 'sum'
  auto c = sum(1.0, 2.0, 3.0);
           ^~~
conftest.cpp:175:25: warning: empty parentheses interpreted as a function declaration [-Wvexing-parse]
  cxx11test::delegate d2();
                        ^~
conftest.cpp:175:25: note: remove parentheses to declare a variable
  cxx11test::delegate d2();
                        ^~
conftest.cpp:188:16: error: found '<::' after a template name which forms the digraph '<:' (aka '[') and a ':', did you mean '< ::'?
  test_template<::test_template<int>> v(test_template<int>(12));
               ^~~
               < ::
conftest.cpp:188:36: error: a space is required between consecutive right angle brackets (use '> >')
  test_template<::test_template<int>> v(test_template<int>(12));
                                   ^~
                                   > >
conftest.cpp:192:22: error: use of undeclared identifier 'u8'
  char const *utf8 = u8"UTF-8 string \u2500";
                     ^
conftest.cpp:192:24: error: expected ';' at end of declaration
  char const *utf8 = u8"UTF-8 string \u2500";
                       ^
                       ;
fatal error: too many errors emitted, stopping now [-ferror-limit=]
18 warnings and 20 errors generated.
configure:4644: $? = 1
configure: failed program was:
| /* confdefs.h */
| #define PACKAGE_NAME "GAP"
| #define PACKAGE_TARNAME "gap-4.12.2"
| #define PACKAGE_VERSION "4.12.2"
| #define PACKAGE_STRING "GAP 4.12.2"
| #define PACKAGE_BUGREPORT "support@gap-system.org"
| #define PACKAGE_URL "https://www.gap-system.org/"
| /* end confdefs.h.  */
| 
| // Does the compiler advertise C++98 conformance?
| #if !defined __cplusplus || __cplusplus < 199711L
| # error "Compiler does not advertise C++98 conformance"
| #endif
| 
| // These inclusions are to reject old compilers that
| // lack the unsuffixed header files.
| #include <cstdlib>
| #include <exception>
| 
| // <cassert> and <cstring> are *not* freestanding headers in C++98.
| extern void assert (int);
| namespace std {
|   extern int strcmp (const char *, const char *);
| }
| 
| // Namespaces, exceptions, and templates were all added after "C++ 2.0".
| using std::exception;
| using std::strcmp;
| 
| namespace {
| 
| void test_exception_syntax()
| {
|   try {
|     throw "test";
|   } catch (const char *s) {
|     // Extra parentheses suppress a warning when building autoconf itself,
|     // due to lint rules shared with more typical C programs.
|     assert (!(strcmp) (s, "test"));
|   }
| }
| 
| template <typename T> struct test_template
| {
|   T const val;
|   explicit test_template(T t) : val(t) {}
|   template <typename U> T add(U u) { return static_cast<T>(u) + val; }
| };
| 
| } // anonymous namespace
| 
| 
| // Does the compiler advertise C++ 2011 conformance?
| #if !defined __cplusplus || __cplusplus < 201103L
| # error "Compiler does not advertise C++11 conformance"
| #endif
| 
| namespace cxx11test
| {
|   constexpr int get_val() { return 20; }
| 
|   struct testinit
|   {
|     int i;
|     double d;
|   };
| 
|   class delegate
|   {
|   public:
|     delegate(int n) : n(n) {}
|     delegate(): delegate(2354) {}
| 
|     virtual int getval() { return this->n; };
|   protected:
|     int n;
|   };
| 
|   class overridden : public delegate
|   {
|   public:
|     overridden(int n): delegate(n) {}
|     virtual int getval() override final { return this->n * 2; }
|   };
| 
|   class nocopy
|   {
|   public:
|     nocopy(int i): i(i) {}
|     nocopy() = default;
|     nocopy(const nocopy&) = delete;
|     nocopy & operator=(const nocopy&) = delete;
|   private:
|     int i;
|   };
| 
|   // for testing lambda expressions
|   template <typename Ret, typename Fn> Ret eval(Fn f, Ret v)
|   {
|     return f(v);
|   }
| 
|   // for testing variadic templates and trailing return types
|   template <typename V> auto sum(V first) -> V
|   {
|     return first;
|   }
|   template <typename V, typename... Args> auto sum(V first, Args... rest) -> V
|   {
|     return first + sum(rest...);
|   }
| }
| 
| 
| int
| main (int argc, char **argv)
| {
|   int ok = 0;
|   
|   assert (argc);
|   assert (! argv[0]);
| {
|   test_exception_syntax ();
|   test_template<double> tt (2.0);
|   assert (tt.add (4) == 6.0);
|   assert (true && !false);
| }
| 
|   
| {
|   // Test auto and decltype
|   auto a1 = 6538;
|   auto a2 = 48573953.4;
|   auto a3 = "String literal";
| 
|   int total = 0;
|   for (auto i = a3; *i; ++i) { total += *i; }
| 
|   decltype(a2) a4 = 34895.034;
| }
| {
|   // Test constexpr
|   short sa[cxx11test::get_val()] = { 0 };
| }
| {
|   // Test initializer lists
|   cxx11test::testinit il = { 4323, 435234.23544 };
| }
| {
|   // Test range-based for
|   int array[] = {9, 7, 13, 15, 4, 18, 12, 10, 5, 3,
|                  14, 19, 17, 8, 6, 20, 16, 2, 11, 1};
|   for (auto &x : array) { x += 23; }
| }
| {
|   // Test lambda expressions
|   using cxx11test::eval;
|   assert (eval ([](int x) { return x*2; }, 21) == 42);
|   double d = 2.0;
|   assert (eval ([&](double x) { return d += x; }, 3.0) == 5.0);
|   assert (d == 5.0);
|   assert (eval ([=](double x) mutable { return d += x; }, 4.0) == 9.0);
|   assert (d == 5.0);
| }
| {
|   // Test use of variadic templates
|   using cxx11test::sum;
|   auto a = sum(1);
|   auto b = sum(1, 2);
|   auto c = sum(1.0, 2.0, 3.0);
| }
| {
|   // Test constructor delegation
|   cxx11test::delegate d1;
|   cxx11test::delegate d2();
|   cxx11test::delegate d3(45);
| }
| {
|   // Test override and final
|   cxx11test::overridden o1(55464);
| }
| {
|   // Test nullptr
|   char *c = nullptr;
| }
| {
|   // Test template brackets
|   test_template<::test_template<int>> v(test_template<int>(12));
| }
| {
|   // Unicode literals
|   char const *utf8 = u8"UTF-8 string \u2500";
|   char16_t const *utf16 = u"UTF-8 string \u2500";
|   char32_t const *utf32 = U"UTF-32 string \u2500";
| }
| 
|   return ok;
| }
| 
configure:4662: result: none needed
configure:4739: checking whether g++ supports C++11 features with -std=gnu++11
configure:5038: g++ -std=gnu++11 -c -g -O2  conftest.cpp >&5
configure:5038: $? = 0
configure:5048: result: yes
configure:5424: checking ABI flags
configure:5436: result: 
configure:5458: gcc  -o conftest -g -O2   conftest.c  >&5
configure:5458: $? = 0
configure:5474: checking for stdio.h
configure:5474: gcc  -c -g -O2  conftest.c >&5
configure:5474: $? = 0
configure:5474: result: yes
configure:5474: checking for stdlib.h
configure:5474: gcc  -c -g -O2  conftest.c >&5
configure:5474: $? = 0
configure:5474: result: yes
configure:5474: checking for string.h
configure:5474: gcc  -c -g -O2  conftest.c >&5
configure:5474: $? = 0
configure:5474: result: yes
configure:5474: checking for inttypes.h
configure:5474: gcc  -c -g -O2  conftest.c >&5
configure:5474: $? = 0
configure:5474: result: yes
configure:5474: checking for stdint.h
configure:5474: gcc  -c -g -O2  conftest.c >&5
configure:5474: $? = 0
configure:5474: result: yes
configure:5474: checking for strings.h
configure:5474: gcc  -c -g -O2  conftest.c >&5
configure:5474: $? = 0
configure:5474: result: yes
configure:5474: checking for sys/stat.h
configure:5474: gcc  -c -g -O2  conftest.c >&5
configure:5474: $? = 0
configure:5474: result: yes
configure:5474: checking for sys/types.h
configure:5474: gcc  -c -g -O2  conftest.c >&5
configure:5474: $? = 0
configure:5474: result: yes
configure:5474: checking for unistd.h
configure:5474: gcc  -c -g -O2  conftest.c >&5
configure:5474: $? = 0
configure:5474: result: yes
configure:5474: checking for vfork.h
configure:5474: gcc  -c -g -O2  conftest.c >&5
conftest.c:47:10: fatal error: 'vfork.h' file not found
#include <vfork.h>
         ^~~~~~~~~
1 error generated.
configure:5474: $? = 1
configure: failed program was:
| /* confdefs.h */
| #define PACKAGE_NAME "GAP"
| #define PACKAGE_TARNAME "gap-4.12.2"
| #define PACKAGE_VERSION "4.12.2"
| #define PACKAGE_STRING "GAP 4.12.2"
| #define PACKAGE_BUGREPORT "support@gap-system.org"
| #define PACKAGE_URL "https://www.gap-system.org/"
| #define HAVE_CXX11 1
| #define HAVE_STDIO_H 1
| #define HAVE_STDLIB_H 1
| #define HAVE_STRING_H 1
| #define HAVE_INTTYPES_H 1
| #define HAVE_STDINT_H 1
| #define HAVE_STRINGS_H 1
| #define HAVE_SYS_STAT_H 1
| #define HAVE_SYS_TYPES_H 1
| #define HAVE_UNISTD_H 1
| /* end confdefs.h.  */
| #include <stddef.h>
| #ifdef HAVE_STDIO_H
| # include <stdio.h>
| #endif
| #ifdef HAVE_STDLIB_H
| # include <stdlib.h>
| #endif
| #ifdef HAVE_STRING_H
| # include <string.h>
| #endif
| #ifdef HAVE_INTTYPES_H
| # include <inttypes.h>
| #endif
| #ifdef HAVE_STDINT_H
| # include <stdint.h>
| #endif
| #ifdef HAVE_STRINGS_H
| # include <strings.h>
| #endif
| #ifdef HAVE_SYS_TYPES_H
| # include <sys/types.h>
| #endif
| #ifdef HAVE_SYS_STAT_H
| # include <sys/stat.h>
| #endif
| #ifdef HAVE_UNISTD_H
| # include <unistd.h>
| #endif
| #include <vfork.h>
configure:5474: result: no
configure:5503: checking size of void *
configure:5509: gcc  -o conftest -g -O2   conftest.c  >&5
configure:5509: $? = 0
configure:5509: ./conftest
configure:5509: $? = 0
configure:5524: result: 8
configure:5533: checking ABI bit size
configure:5550: result: 64
configure:5571: checking for a BSD-compatible install
configure:5644: result: /usr/bin/install -c
configure:5656: checking for a race-free mkdir -p
configure:5700: result: ./cnf/install-sh -c -d
configure:5754: checking how to print strings
configure:5781: result: printf
configure:5802: checking for a sed that does not truncate output
configure:5872: result: /usr/bin/sed
configure:5890: checking for grep that handles long lines and -e
configure:5954: result: /usr/bin/grep
configure:5959: checking for egrep
configure:6027: result: /usr/bin/grep -E
configure:6032: checking for fgrep
configure:6100: result: /usr/bin/grep -F
configure:6136: checking for ld used by gcc 
configure:6204: result: /Library/Developer/CommandLineTools/usr/bin/ld
configure:6211: checking if the linker (/Library/Developer/CommandLineTools/usr/bin/ld) is GNU ld
configure:6227: result: no
configure:6239: checking for BSD- or MS-compatible name lister (nm)
configure:6294: result: /usr/bin/nm -B
configure:6434: checking the name lister (/usr/bin/nm -B) interface
configure:6442: gcc  -c -g -O2  conftest.c >&5
configure:6445: /usr/bin/nm -B "conftest.o"
configure:6448: output
0000000000000224 S _some_variable
0000000000000000 t ltmp0
0000000000000224 s ltmp1
configure:6455: result: BSD nm
configure:6458: checking whether ln -s works
configure:6462: result: yes
configure:6470: checking the maximum length of command line arguments
configure:6602: result: 786432
configure:6650: checking how to convert aarch64-apple-darwin20.6.0 file names to aarch64-apple-darwin20.6.0 format
configure:6691: result: func_convert_file_noop
configure:6698: checking how to convert aarch64-apple-darwin20.6.0 file names to toolchain format
configure:6719: result: func_convert_file_noop
configure:6726: checking for /Library/Developer/CommandLineTools/usr/bin/ld option to reload object files
configure:6734: result: -r
configure:6813: checking for objdump
configure:6834: found /usr/bin/objdump
configure:6845: result: objdump
configure:6874: checking how to recognize dependent libraries
configure:7075: result: pass_all
configure:7165: checking for dlltool
configure:7200: result: no
configure:7227: checking how to associate runtime and link libraries
configure:7255: result: printf %s\n
configure:7320: checking for ar
configure:7341: found /usr/bin/ar
configure:7352: result: ar
configure:7389: checking for archiver @FILE support
configure:7407: gcc  -c -g -O2  conftest.c >&5
configure:7407: $? = 0
configure:7411: ar cru libconftest.a @conftest.lst >&5
ar: @conftest.lst: No such file or directory
configure:7414: $? = 1
configure:7434: result: no
configure:7497: checking for strip
configure:7518: found /usr/bin/strip
configure:7529: result: strip
configure:7606: checking for ranlib
configure:7627: found /usr/bin/ranlib
configure:7638: result: ranlib
configure:7715: checking for gawk
configure:7750: result: no
configure:7715: checking for mawk
configure:7750: result: no
configure:7715: checking for nawk
configure:7750: result: no
configure:7715: checking for awk
configure:7736: found /usr/bin/awk
configure:7747: result: awk
configure:7787: checking command to parse /usr/bin/nm -B output from gcc  object
configure:7941: gcc  -c -g -O2  conftest.c >&5
configure:7944: $? = 0
configure:7948: /usr/bin/nm -B conftest.o \| sed -n -e 's/^.*[ ]\([BCDEGRST][BCDEGRST]*\)[ ][ ]*\([_A-Za-z][_A-Za-z0-9]*\)$/\1 \2 \2/p' | sed '/ __gnu_lto/d' \> conftest.nm
configure:7951: $? = 0
cannot find nm_test_var in conftest.nm
configure:7941: gcc  -c -g -O2  conftest.c >&5
configure:7944: $? = 0
configure:7948: /usr/bin/nm -B conftest.o \| sed -n -e 's/^.*[ ]\([BCDEGRST][BCDEGRST]*\)[ ][ ]*_\([_A-Za-z][_A-Za-z0-9]*\)$/\1 _\2 \2/p' | sed '/ __gnu_lto/d' \> conftest.nm
configure:7951: $? = 0
configure:8017: gcc  -o conftest -g -O2   conftest.c conftstm.o >&5
warning: (arm64)  could not find object file symbol for symbol _main
configure:8020: $? = 0
configure:8058: result: ok
configure:8105: checking for sysroot
configure:8136: result: no
configure:8143: checking for a working dd
configure:8187: result: /bin/dd
configure:8191: checking how to truncate binary pipes
configure:8207: result: /bin/dd bs=4096 count=1
configure:8544: checking for mt
configure:8579: result: no
configure:8599: checking if : is a manifest tool
configure:8606: : '-?'
configure:8614: result: no
configure:8675: checking for dsymutil
configure:8696: found /usr/bin/dsymutil
configure:8707: result: dsymutil
configure:8777: checking for nmedit
configure:8798: found /usr/bin/nmedit
configure:8809: result: nmedit
configure:8879: checking for lipo
configure:8900: found /usr/bin/lipo
configure:8911: result: lipo
configure:8981: checking for otool
configure:9002: found /usr/bin/otool
configure:9013: result: otool
configure:9083: checking for otool64
configure:9118: result: no
configure:9163: checking for -single_module linker flag
gcc  -g -O2  -o libconftest.dylib -dynamiclib -Wl,-single_module conftest.c
configure:9197: result: yes
configure:9200: checking for -exported_symbols_list linker flag
configure:9221: gcc  -o conftest -g -O2   -Wl,-exported_symbols_list,conftest.sym conftest.c  >&5
configure:9221: $? = 0
configure:9232: result: yes
configure:9235: checking for -force_load linker flag
gcc  -g -O2 -c -o conftest.o conftest.c
ar cru libconftest.a conftest.o
ranlib libconftest.a
gcc  -g -O2  -o conftest conftest.c -Wl,-force_load,./libconftest.a
configure:9268: result: yes
configure:9340: checking for dlfcn.h
configure:9340: gcc  -c -g -O2  conftest.c >&5
configure:9340: $? = 0
configure:9340: result: yes
configure:9935: checking for objdir
configure:9951: result: .libs
configure:10215: checking if gcc  supports -fno-rtti -fno-exceptions
configure:10234: gcc  -c -g -O2  -fno-rtti -fno-exceptions conftest.c >&5
configure:10238: $? = 0
configure:10251: result: yes
configure:10609: checking for gcc  option to produce PIC
configure:10617: result: -fno-common -DPIC
configure:10625: checking if gcc  PIC flag -fno-common -DPIC works
configure:10644: gcc  -c -g -O2  -fno-common -DPIC -DPIC conftest.c >&5
configure:10648: $? = 0
configure:10661: result: yes
configure:10690: checking if gcc  static flag -static works
configure:10719: result: no
configure:10734: checking if gcc  supports -c -o file.o
configure:10756: gcc  -c -g -O2  -o out/conftest2.o conftest.c >&5
configure:10760: $? = 0
configure:10782: result: yes
configure:10790: checking if gcc  supports -c -o file.o
configure:10838: result: yes
configure:10871: checking whether the gcc  linker (/Library/Developer/CommandLineTools/usr/bin/ld) supports shared libraries
configure:12137: result: yes
configure:12378: checking dynamic linker characteristics
configure:13199: result: darwin20.6.0 dyld
configure:13321: checking how to hardcode library paths into programs
configure:13346: result: immediate
configure:13391: checking for dlopen in -ldl
configure:13414: gcc  -o conftest -g -O2   conftest.c -ldl   >&5
configure:13414: $? = 0
configure:13424: result: yes
configure:13650: checking whether a program can dlopen itself
configure:13731: gcc  -o conftest -g -O2  -DHAVE_DLFCN_H   conftest.c -ldl  >&5
configure:13734: $? = 0
configure:13752: result: yes
configure:13757: checking whether a statically linked program can dlopen itself
configure:13838: gcc  -o conftest -g -O2  -DHAVE_DLFCN_H    conftest.c -ldl  >&5
configure:13841: $? = 0
configure:13859: result: yes
configure:13898: checking whether stripping libraries is possible
configure:13912: result: yes
configure:13938: checking if libtool supports shared libraries
configure:13940: result: yes
configure:13943: checking whether to build shared libraries
configure:13968: result: yes
configure:13971: checking whether to build static libraries
configure:13975: result: no
configure:13998: checking how to run the C++ preprocessor
configure:14020: g++ -std=gnu++11  -E  conftest.cpp
configure:14020: $? = 0
configure:14035: g++ -std=gnu++11  -E  conftest.cpp
conftest.cpp:23:10: fatal error: 'ac_nonexistent.h' file not found
#include <ac_nonexistent.h>
         ^~~~~~~~~~~~~~~~~~
1 error generated.
configure:14035: $? = 1
configure: failed program was:
| /* confdefs.h */
| #define PACKAGE_NAME "GAP"
| #define PACKAGE_TARNAME "gap-4.12.2"
| #define PACKAGE_VERSION "4.12.2"
| #define PACKAGE_STRING "GAP 4.12.2"
| #define PACKAGE_BUGREPORT "support@gap-system.org"
| #define PACKAGE_URL "https://www.gap-system.org/"
| #define HAVE_CXX11 1
| #define HAVE_STDIO_H 1
| #define HAVE_STDLIB_H 1
| #define HAVE_STRING_H 1
| #define HAVE_INTTYPES_H 1
| #define HAVE_STDINT_H 1
| #define HAVE_STRINGS_H 1
| #define HAVE_SYS_STAT_H 1
| #define HAVE_SYS_TYPES_H 1
| #define HAVE_UNISTD_H 1
| #define STDC_HEADERS 1
| #define SIZEOF_VOID_P 8
| #define HAVE_DLFCN_H 1
| #define LT_OBJDIR ".libs/"
| /* end confdefs.h.  */
| #include <ac_nonexistent.h>
configure:14062: result: g++ -std=gnu++11  -E
configure:14076: g++ -std=gnu++11  -E  conftest.cpp
configure:14076: $? = 0
configure:14091: g++ -std=gnu++11  -E  conftest.cpp
conftest.cpp:23:10: fatal error: 'ac_nonexistent.h' file not found
#include <ac_nonexistent.h>
         ^~~~~~~~~~~~~~~~~~
1 error generated.
configure:14091: $? = 1
configure: failed program was:
| /* confdefs.h */
| #define PACKAGE_NAME "GAP"
| #define PACKAGE_TARNAME "gap-4.12.2"
| #define PACKAGE_VERSION "4.12.2"
| #define PACKAGE_STRING "GAP 4.12.2"
| #define PACKAGE_BUGREPORT "support@gap-system.org"
| #define PACKAGE_URL "https://www.gap-system.org/"
| #define HAVE_CXX11 1
| #define HAVE_STDIO_H 1
| #define HAVE_STDLIB_H 1
| #define HAVE_STRING_H 1
| #define HAVE_INTTYPES_H 1
| #define HAVE_STDINT_H 1
| #define HAVE_STRINGS_H 1
| #define HAVE_SYS_STAT_H 1
| #define HAVE_SYS_TYPES_H 1
| #define HAVE_UNISTD_H 1
| #define STDC_HEADERS 1
| #define SIZEOF_VOID_P 8
| #define HAVE_DLFCN_H 1
| #define LT_OBJDIR ".libs/"
| /* end confdefs.h.  */
| #include <ac_nonexistent.h>
configure:14256: checking for ld used by g++ -std=gnu++11 
configure:14324: result: /Library/Developer/CommandLineTools/usr/bin/ld
configure:14331: checking if the linker (/Library/Developer/CommandLineTools/usr/bin/ld) is GNU ld
configure:14347: result: no
configure:14402: checking whether the g++ -std=gnu++11  linker (/Library/Developer/CommandLineTools/usr/bin/ld) supports shared libraries
configure:15479: result: yes
configure:15515: g++ -std=gnu++11  -c -g -O2  conftest.cpp >&5
configure:15518: $? = 0
configure:15999: checking for g++ -std=gnu++11  option to produce PIC
configure:16007: result: -fno-common -DPIC
configure:16015: checking if g++ -std=gnu++11  PIC flag -fno-common -DPIC works
configure:16034: g++ -std=gnu++11  -c -g -O2  -fno-common -DPIC -DPIC conftest.cpp >&5
configure:16038: $? = 0
configure:16051: result: yes
configure:16074: checking if g++ -std=gnu++11  static flag -static works
configure:16103: result: no
configure:16115: checking if g++ -std=gnu++11  supports -c -o file.o
configure:16137: g++ -std=gnu++11  -c -g -O2  -o out/conftest2.o conftest.cpp >&5
configure:16141: $? = 0
configure:16163: result: yes
configure:16168: checking if g++ -std=gnu++11  supports -c -o file.o
configure:16216: result: yes
configure:16246: checking whether the g++ -std=gnu++11  linker (/Library/Developer/CommandLineTools/usr/bin/ld) supports shared libraries
configure:16286: result: yes
configure:16428: checking dynamic linker characteristics
configure:17176: result: darwin20.6.0 dyld
configure:17241: checking how to hardcode library paths into programs
configure:17266: result: immediate
configure:17330: checking whether byte ordering is bigendian
configure:17346: gcc  -c -g -O2  conftest.c >&5
configure:17346: $? = 0
configure:17392: gcc  -c -g -O2  conftest.c >&5
configure:17392: $? = 0
configure:17411: gcc  -c -g -O2  conftest.c >&5
conftest.c:30:4: error: use of undeclared identifier 'not'
                 not big endian
                 ^
1 error generated.
configure:17411: $? = 1
configure: failed program was:
| /* confdefs.h */
| #define PACKAGE_NAME "GAP"
| #define PACKAGE_TARNAME "gap-4.12.2"
| #define PACKAGE_VERSION "4.12.2"
| #define PACKAGE_STRING "GAP 4.12.2"
| #define PACKAGE_BUGREPORT "support@gap-system.org"
| #define PACKAGE_URL "https://www.gap-system.org/"
| #define HAVE_CXX11 1
| #define HAVE_STDIO_H 1
| #define HAVE_STDLIB_H 1
| #define HAVE_STRING_H 1
| #define HAVE_INTTYPES_H 1
| #define HAVE_STDINT_H 1
| #define HAVE_STRINGS_H 1
| #define HAVE_SYS_STAT_H 1
| #define HAVE_SYS_TYPES_H 1
| #define HAVE_UNISTD_H 1
| #define STDC_HEADERS 1
| #define SIZEOF_VOID_P 8
| #define HAVE_DLFCN_H 1
| #define LT_OBJDIR ".libs/"
| /* end confdefs.h.  */
| #include <sys/types.h>
| 		#include <sys/param.h>
| 
| int
| main (void)
| {
| #if BYTE_ORDER != BIG_ENDIAN
| 		 not big endian
| 		#endif
| 
|   ;
|   return 0;
| }
configure:17545: result: no
configure:17567: checking for __attribute__((always_inline))
configure:17589: gcc  -o conftest -g -O2   conftest.c  >&5
configure:17589: $? = 0
configure:17604: result: yes
configure:17619: checking for __attribute__((constructor))
configure:17641: gcc  -o conftest -g -O2   conftest.c  >&5
configure:17641: $? = 0
configure:17656: result: yes
configure:17671: checking for __attribute__((fallthrough))
configure:17693: gcc  -o conftest -g -O2   conftest.c  >&5
conftest.c:27:46: warning: no case matching constant switch condition '0'
                    int foo( void ) {switch (0) { case 1: __attribute__((fallthrough)); case 2: break ; }};
                                             ^
conftest.c:27:106: warning: non-void function does not return a value [-Wreturn-type]
                    int foo( void ) {switch (0) { case 1: __attribute__((fallthrough)); case 2: break ; }};
                                                                                                         ^
2 warnings generated.
configure:17693: $? = 0
configure:17708: result: yes
configure:17723: checking for __attribute__((format))
configure:17745: gcc  -o conftest -g -O2   conftest.c  >&5
configure:17745: $? = 0
configure:17760: result: yes
configure:17775: checking for __attribute__((noinline))
configure:17797: gcc  -o conftest -g -O2   conftest.c  >&5
configure:17797: $? = 0
configure:17812: result: yes
configure:17827: checking for __attribute__((noreturn))
configure:17849: gcc  -o conftest -g -O2   conftest.c  >&5
configure:17849: $? = 0
configure:17864: result: yes
configure:17879: checking for __attribute__((pure))
configure:17901: gcc  -o conftest -g -O2   conftest.c  >&5
configure:17901: $? = 0
configure:17916: result: yes
configure:17931: checking for __builtin_mul_overflow
configure:17946: gcc  -o conftest -g -O2   conftest.c  >&5
configure:17946: $? = 0
configure:17955: result: yes
configure:17963: checking for __builtin_clz
configure:17978: gcc  -o conftest -g -O2   conftest.c  >&5
conftest.c:35:8: warning: ignoring return value of function declared with const attribute [-Wunused-value]
int x; __builtin_clz(0);
       ^~~~~~~~~~~~~ ~
1 warning generated.
configure:17978: $? = 0
configure:17987: result: yes
configure:17995: checking for __builtin_clzl
configure:18010: gcc  -o conftest -g -O2   conftest.c  >&5
conftest.c:36:8: warning: ignoring return value of function declared with const attribute [-Wunused-value]
int x; __builtin_clzl(0);
       ^~~~~~~~~~~~~~ ~
1 warning generated.
configure:18010: $? = 0
configure:18019: result: yes
configure:18027: checking for __builtin_clzll
configure:18042: gcc  -o conftest -g -O2   conftest.c  >&5
conftest.c:37:8: warning: ignoring return value of function declared with const attribute [-Wunused-value]
int x; __builtin_clzll(0);
       ^~~~~~~~~~~~~~~ ~
1 warning generated.
configure:18042: $? = 0
configure:18051: result: yes
configure:18059: checking for __builtin_popcountl
configure:18074: gcc  -o conftest -g -O2   conftest.c  >&5
conftest.c:38:8: warning: ignoring return value of function declared with const attribute [-Wunused-value]
int x; __builtin_popcountl(0);
       ^~~~~~~~~~~~~~~~~~~ ~
1 warning generated.
configure:18074: $? = 0
configure:18083: result: yes
configure:18096: checking size of int
configure:18102: gcc  -o conftest -g -O2   conftest.c  >&5
configure:18102: $? = 0
configure:18102: ./conftest
configure:18102: $? = 0
configure:18117: result: 4
configure:18129: checking size of long
configure:18135: gcc  -o conftest -g -O2   conftest.c  >&5
configure:18135: $? = 0
configure:18135: ./conftest
configure:18135: $? = 0
configure:18150: result: 8
configure:18162: checking size of long long
configure:18168: gcc  -o conftest -g -O2   conftest.c  >&5
configure:18168: $? = 0
configure:18168: ./conftest
configure:18168: $? = 0
configure:18183: result: 8
configure:18203: checking whether to enable HPC-GAP
configure:18205: result: no
configure:18252: checking which garbage collector to use
configure:18299: result: gasman
configure:18311: checking whether to use native tls
configure:18414: result: no
configure:18458: checking whether to enable debug mode
configure:18460: result: no
configure:18478: checking whether to enable maintainer-mode mode
configure:18480: result: yes
configure:18494: checking whether to enable memory checking
configure:18496: result: no
configure:18514: checking whether to enable valgrind extensions to GASMAN
configure:18516: result: no
configure:18544: checking whether to treat C compiler warnings as errors
configure:18546: result: no
configure:18591: gcc  -c -g -O2  conftest.c >&5
conftest.c:40:9: error: "no C++"
       #error "no C++"
        ^
1 error generated.
configure:18591: $? = 1
configure: failed program was:
| /* confdefs.h */
| #define PACKAGE_NAME "GAP"
| #define PACKAGE_TARNAME "gap-4.12.2"
| #define PACKAGE_VERSION "4.12.2"
| #define PACKAGE_STRING "GAP 4.12.2"
| #define PACKAGE_BUGREPORT "support@gap-system.org"
| #define PACKAGE_URL "https://www.gap-system.org/"
| #define HAVE_CXX11 1
| #define HAVE_STDIO_H 1
| #define HAVE_STDLIB_H 1
| #define HAVE_STRING_H 1
| #define HAVE_INTTYPES_H 1
| #define HAVE_STDINT_H 1
| #define HAVE_STRINGS_H 1
| #define HAVE_SYS_STAT_H 1
| #define HAVE_SYS_TYPES_H 1
| #define HAVE_UNISTD_H 1
| #define STDC_HEADERS 1
| #define SIZEOF_VOID_P 8
| #define HAVE_DLFCN_H 1
| #define LT_OBJDIR ".libs/"
| #define HAVE_FUNC_ATTRIBUTE_ALWAYS_INLINE 1
| #define HAVE_FUNC_ATTRIBUTE_CONSTRUCTOR 1
| #define HAVE_FUNC_ATTRIBUTE_FALLTHROUGH 1
| #define HAVE_FUNC_ATTRIBUTE_FORMAT 1
| #define HAVE_FUNC_ATTRIBUTE_NOINLINE 1
| #define HAVE_FUNC_ATTRIBUTE_NORETURN 1
| #define HAVE_FUNC_ATTRIBUTE_PURE 1
| #define HAVE___BUILTIN_MUL_OVERFLOW 1
| #define HAVE___BUILTIN_CLZ 1
| #define HAVE___BUILTIN_CLZL 1
| #define HAVE___BUILTIN_CLZLL 1
| #define HAVE___BUILTIN_POPCOUNTL 1
| #define SIZEOF_INT 4
| #define SIZEOF_LONG 8
| #define SIZEOF_LONG_LONG 8
| /* end confdefs.h.  */
| 
|       #ifndef __cplusplus
|        #error "no C++"
|        #endif
| int
| main (void)
| {
| 
|   ;
|   return 0;
| }
configure:18604: checking whether C compiler accepts -Werror=unknown-warning-option
configure:18624: gcc  -c -g -O2  -Werror=unknown-warning-option  conftest.c >&5
configure:18624: $? = 0
configure:18633: result: yes
configure:18648: checking whether C compiler accepts -Wno-suggest-attribute=format
configure:18668: gcc  -c -g -O2  -Wno-suggest-attribute=format  conftest.c >&5
warning: unknown warning option '-Wno-suggest-attribute=format'; did you mean '-Wno-property-attribute-mismatch'? [-Wunknown-warning-option]
1 warning generated.
configure:18668: $? = 0
configure:18677: result: yes
configure:18698: checking whether C compiler accepts -fno-strict-aliasing
configure:18718: gcc  -c -g -O2 -Werror=unknown-warning-option -fno-strict-aliasing  conftest.c >&5
configure:18718: $? = 0
configure:18728: result: yes
configure:18757: : WARN_CFLAGS="$WARN_CFLAGS"
configure:18760: $? = 0
configure:18782: checking whether C compiler accepts -Wall
configure:18802: gcc  -c -g -O2 -Werror=unknown-warning-option -Wall  conftest.c >&5
configure:18802: $? = 0
configure:18812: result: yes
configure:18830: : WARN_CFLAGS="$WARN_CFLAGS"
configure:18833: $? = 0
configure:18782: checking whether C compiler accepts -Wextra
configure:18802: gcc  -c -g -O2 -Werror=unknown-warning-option -Wextra  conftest.c >&5
configure:18802: $? = 0
configure:18812: result: yes
configure:18830: : WARN_CFLAGS="$WARN_CFLAGS"
configure:18833: $? = 0
configure:18782: checking whether C compiler accepts -Warray-bounds
configure:18802: gcc  -c -g -O2 -Werror=unknown-warning-option -Warray-bounds  conftest.c >&5
configure:18802: $? = 0
configure:18812: result: yes
configure:18830: : WARN_CFLAGS="$WARN_CFLAGS"
configure:18833: $? = 0
configure:18782: checking whether C compiler accepts -Wno-cast-function-type
configure:18802: gcc  -c -g -O2 -Werror=unknown-warning-option -Wno-cast-function-type  conftest.c >&5
error: unknown warning option '-Wno-cast-function-type'; did you mean '-Wno-bad-function-cast'? [-Werror,-Wunknown-warning-option]
configure:18802: $? = 1
configure: failed program was:
| /* confdefs.h */
| #define PACKAGE_NAME "GAP"
| #define PACKAGE_TARNAME "gap-4.12.2"
| #define PACKAGE_VERSION "4.12.2"
| #define PACKAGE_STRING "GAP 4.12.2"
| #define PACKAGE_BUGREPORT "support@gap-system.org"
| #define PACKAGE_URL "https://www.gap-system.org/"
| #define HAVE_CXX11 1
| #define HAVE_STDIO_H 1
| #define HAVE_STDLIB_H 1
| #define HAVE_STRING_H 1
| #define HAVE_INTTYPES_H 1
| #define HAVE_STDINT_H 1
| #define HAVE_STRINGS_H 1
| #define HAVE_SYS_STAT_H 1
| #define HAVE_SYS_TYPES_H 1
| #define HAVE_UNISTD_H 1
| #define STDC_HEADERS 1
| #define SIZEOF_VOID_P 8
| #define HAVE_DLFCN_H 1
| #define LT_OBJDIR ".libs/"
| #define HAVE_FUNC_ATTRIBUTE_ALWAYS_INLINE 1
| #define HAVE_FUNC_ATTRIBUTE_CONSTRUCTOR 1
| #define HAVE_FUNC_ATTRIBUTE_FALLTHROUGH 1
| #define HAVE_FUNC_ATTRIBUTE_FORMAT 1
| #define HAVE_FUNC_ATTRIBUTE_NOINLINE 1
| #define HAVE_FUNC_ATTRIBUTE_NORETURN 1
| #define HAVE_FUNC_ATTRIBUTE_PURE 1
| #define HAVE___BUILTIN_MUL_OVERFLOW 1
| #define HAVE___BUILTIN_CLZ 1
| #define HAVE___BUILTIN_CLZL 1
| #define HAVE___BUILTIN_CLZLL 1
| #define HAVE___BUILTIN_POPCOUNTL 1
| #define SIZEOF_INT 4
| #define SIZEOF_LONG 8
| #define SIZEOF_LONG_LONG 8
| /* end confdefs.h.  */
| 
| int
| main (void)
| {
| 
|   ;
|   return 0;
| }
configure:18812: result: no
configure:18782: checking whether C compiler accepts -Wdouble-promotion
configure:18802: gcc  -c -g -O2 -Werror=unknown-warning-option -Wdouble-promotion  conftest.c >&5
configure:18802: $? = 0
configure:18812: result: yes
configure:18830: : WARN_CFLAGS="$WARN_CFLAGS"
configure:18833: $? = 0
configure:18782: checking whether C compiler accepts -Wduplicated-branches
configure:18802: gcc  -c -g -O2 -Werror=unknown-warning-option -Wduplicated-branches  conftest.c >&5
error: unknown warning option '-Wduplicated-branches' [-Werror,-Wunknown-warning-option]
configure:18802: $? = 1
configure: failed program was:
| /* confdefs.h */
| #define PACKAGE_NAME "GAP"
| #define PACKAGE_TARNAME "gap-4.12.2"
| #define PACKAGE_VERSION "4.12.2"
| #define PACKAGE_STRING "GAP 4.12.2"
| #define PACKAGE_BUGREPORT "support@gap-system.org"
| #define PACKAGE_URL "https://www.gap-system.org/"
| #define HAVE_CXX11 1
| #define HAVE_STDIO_H 1
| #define HAVE_STDLIB_H 1
| #define HAVE_STRING_H 1
| #define HAVE_INTTYPES_H 1
| #define HAVE_STDINT_H 1
| #define HAVE_STRINGS_H 1
| #define HAVE_SYS_STAT_H 1
| #define HAVE_SYS_TYPES_H 1
| #define HAVE_UNISTD_H 1
| #define STDC_HEADERS 1
| #define SIZEOF_VOID_P 8
| #define HAVE_DLFCN_H 1
| #define LT_OBJDIR ".libs/"
| #define HAVE_FUNC_ATTRIBUTE_ALWAYS_INLINE 1
| #define HAVE_FUNC_ATTRIBUTE_CONSTRUCTOR 1
| #define HAVE_FUNC_ATTRIBUTE_FALLTHROUGH 1
| #define HAVE_FUNC_ATTRIBUTE_FORMAT 1
| #define HAVE_FUNC_ATTRIBUTE_NOINLINE 1
| #define HAVE_FUNC_ATTRIBUTE_NORETURN 1
| #define HAVE_FUNC_ATTRIBUTE_PURE 1
| #define HAVE___BUILTIN_MUL_OVERFLOW 1
| #define HAVE___BUILTIN_CLZ 1
| #define HAVE___BUILTIN_CLZL 1
| #define HAVE___BUILTIN_CLZLL 1
| #define HAVE___BUILTIN_POPCOUNTL 1
| #define SIZEOF_INT 4
| #define SIZEOF_LONG 8
| #define SIZEOF_LONG_LONG 8
| /* end confdefs.h.  */
| 
| int
| main (void)
| {
| 
|   ;
|   return 0;
| }
configure:18812: result: no
configure:18782: checking whether C compiler accepts -Wduplicated-cond
configure:18802: gcc  -c -g -O2 -Werror=unknown-warning-option -Wduplicated-cond  conftest.c >&5
error: unknown warning option '-Wduplicated-cond' [-Werror,-Wunknown-warning-option]
configure:18802: $? = 1
configure: failed program was:
| /* confdefs.h */
| #define PACKAGE_NAME "GAP"
| #define PACKAGE_TARNAME "gap-4.12.2"
| #define PACKAGE_VERSION "4.12.2"
| #define PACKAGE_STRING "GAP 4.12.2"
| #define PACKAGE_BUGREPORT "support@gap-system.org"
| #define PACKAGE_URL "https://www.gap-system.org/"
| #define HAVE_CXX11 1
| #define HAVE_STDIO_H 1
| #define HAVE_STDLIB_H 1
| #define HAVE_STRING_H 1
| #define HAVE_INTTYPES_H 1
| #define HAVE_STDINT_H 1
| #define HAVE_STRINGS_H 1
| #define HAVE_SYS_STAT_H 1
| #define HAVE_SYS_TYPES_H 1
| #define HAVE_UNISTD_H 1
| #define STDC_HEADERS 1
| #define SIZEOF_VOID_P 8
| #define HAVE_DLFCN_H 1
| #define LT_OBJDIR ".libs/"
| #define HAVE_FUNC_ATTRIBUTE_ALWAYS_INLINE 1
| #define HAVE_FUNC_ATTRIBUTE_CONSTRUCTOR 1
| #define HAVE_FUNC_ATTRIBUTE_FALLTHROUGH 1
| #define HAVE_FUNC_ATTRIBUTE_FORMAT 1
| #define HAVE_FUNC_ATTRIBUTE_NOINLINE 1
| #define HAVE_FUNC_ATTRIBUTE_NORETURN 1
| #define HAVE_FUNC_ATTRIBUTE_PURE 1
| #define HAVE___BUILTIN_MUL_OVERFLOW 1
| #define HAVE___BUILTIN_CLZ 1
| #define HAVE___BUILTIN_CLZL 1
| #define HAVE___BUILTIN_CLZLL 1
| #define HAVE___BUILTIN_POPCOUNTL 1
| #define SIZEOF_INT 4
| #define SIZEOF_LONG 8
| #define SIZEOF_LONG_LONG 8
| /* end confdefs.h.  */
| 
| int
| main (void)
| {
| 
|   ;
|   return 0;
| }
configure:18812: result: no
configure:18782: checking whether C compiler accepts -Wformat-nonliteral
configure:18802: gcc  -c -g -O2 -Werror=unknown-warning-option -Wformat-nonliteral  conftest.c >&5
configure:18802: $? = 0
configure:18812: result: yes
configure:18830: : WARN_CFLAGS="$WARN_CFLAGS"
configure:18833: $? = 0
configure:18782: checking whether C compiler accepts -Wformat-security
configure:18802: gcc  -c -g -O2 -Werror=unknown-warning-option -Wformat-security  conftest.c >&5
configure:18802: $? = 0
configure:18812: result: yes
configure:18830: : WARN_CFLAGS="$WARN_CFLAGS"
configure:18833: $? = 0
configure:18782: checking whether C compiler accepts -Wformat=2
configure:18802: gcc  -c -g -O2 -Werror=unknown-warning-option -Wformat=2  conftest.c >&5
configure:18802: $? = 0
configure:18812: result: yes
configure:18830: : WARN_CFLAGS="$WARN_CFLAGS"
configure:18833: $? = 0
configure:18782: checking whether C compiler accepts -Winit-self
configure:18802: gcc  -c -g -O2 -Werror=unknown-warning-option -Winit-self  conftest.c >&5
configure:18802: $? = 0
configure:18812: result: yes
configure:18830: : WARN_CFLAGS="$WARN_CFLAGS"
configure:18833: $? = 0
configure:18782: checking whether C compiler accepts -Wno-inline
configure:18802: gcc  -c -g -O2 -Werror=unknown-warning-option -Wno-inline  conftest.c >&5
configure:18802: $? = 0
configure:18812: result: yes
configure:18830: : WARN_CFLAGS="$WARN_CFLAGS"
configure:18833: $? = 0
configure:18782: checking whether C compiler accepts -Wlogical-op
configure:18802: gcc  -c -g -O2 -Werror=unknown-warning-option -Wlogical-op  conftest.c >&5
error: unknown warning option '-Wlogical-op'; did you mean '-Wlong-long'? [-Werror,-Wunknown-warning-option]
configure:18802: $? = 1
configure: failed program was:
| /* confdefs.h */
| #define PACKAGE_NAME "GAP"
| #define PACKAGE_TARNAME "gap-4.12.2"
| #define PACKAGE_VERSION "4.12.2"
| #define PACKAGE_STRING "GAP 4.12.2"
| #define PACKAGE_BUGREPORT "support@gap-system.org"
| #define PACKAGE_URL "https://www.gap-system.org/"
| #define HAVE_CXX11 1
| #define HAVE_STDIO_H 1
| #define HAVE_STDLIB_H 1
| #define HAVE_STRING_H 1
| #define HAVE_INTTYPES_H 1
| #define HAVE_STDINT_H 1
| #define HAVE_STRINGS_H 1
| #define HAVE_SYS_STAT_H 1
| #define HAVE_SYS_TYPES_H 1
| #define HAVE_UNISTD_H 1
| #define STDC_HEADERS 1
| #define SIZEOF_VOID_P 8
| #define HAVE_DLFCN_H 1
| #define LT_OBJDIR ".libs/"
| #define HAVE_FUNC_ATTRIBUTE_ALWAYS_INLINE 1
| #define HAVE_FUNC_ATTRIBUTE_CONSTRUCTOR 1
| #define HAVE_FUNC_ATTRIBUTE_FALLTHROUGH 1
| #define HAVE_FUNC_ATTRIBUTE_FORMAT 1
| #define HAVE_FUNC_ATTRIBUTE_NOINLINE 1
| #define HAVE_FUNC_ATTRIBUTE_NORETURN 1
| #define HAVE_FUNC_ATTRIBUTE_PURE 1
| #define HAVE___BUILTIN_MUL_OVERFLOW 1
| #define HAVE___BUILTIN_CLZ 1
| #define HAVE___BUILTIN_CLZL 1
| #define HAVE___BUILTIN_CLZLL 1
| #define HAVE___BUILTIN_POPCOUNTL 1
| #define SIZEOF_INT 4
| #define SIZEOF_LONG 8
| #define SIZEOF_LONG_LONG 8
| /* end confdefs.h.  */
| 
| int
| main (void)
| {
| 
|   ;
|   return 0;
| }
configure:18812: result: no
configure:18782: checking whether C compiler accepts -Wmissing-field-initializers
configure:18802: gcc  -c -g -O2 -Werror=unknown-warning-option -Wmissing-field-initializers  conftest.c >&5
configure:18802: $? = 0
configure:18812: result: yes
configure:18830: : WARN_CFLAGS="$WARN_CFLAGS"
configure:18833: $? = 0
configure:18782: checking whether C compiler accepts -Wmissing-format-attribute
configure:18802: gcc  -c -g -O2 -Werror=unknown-warning-option -Wmissing-format-attribute  conftest.c >&5
configure:18802: $? = 0
configure:18812: result: yes
configure:18830: : WARN_CFLAGS="$WARN_CFLAGS"
configure:18833: $? = 0
configure:18782: checking whether C compiler accepts -Wmissing-include-dirs
configure:18802: gcc  -c -g -O2 -Werror=unknown-warning-option -Wmissing-include-dirs  conftest.c >&5
configure:18802: $? = 0
configure:18812: result: yes
configure:18830: : WARN_CFLAGS="$WARN_CFLAGS"
configure:18833: $? = 0
configure:18782: checking whether C compiler accepts -Wmissing-variable-declarations
configure:18802: gcc  -c -g -O2 -Werror=unknown-warning-option -Wmissing-variable-declarations  conftest.c >&5
configure:18802: $? = 0
configure:18812: result: yes
configure:18830: : WARN_CFLAGS="$WARN_CFLAGS"
configure:18833: $? = 0
configure:18782: checking whether C compiler accepts -Wno-pragmas
configure:18802: gcc  -c -g -O2 -Werror=unknown-warning-option -Wno-pragmas  conftest.c >&5
configure:18802: $? = 0
configure:18812: result: yes
configure:18830: : WARN_CFLAGS="$WARN_CFLAGS"
configure:18833: $? = 0
configure:18782: checking whether C compiler accepts -Wpacked
configure:18802: gcc  -c -g -O2 -Werror=unknown-warning-option -Wpacked  conftest.c >&5
configure:18802: $? = 0
configure:18812: result: yes
configure:18830: : WARN_CFLAGS="$WARN_CFLAGS"
configure:18833: $? = 0
configure:18782: checking whether C compiler accepts -Wpointer-arith
configure:18802: gcc  -c -g -O2 -Werror=unknown-warning-option -Wpointer-arith  conftest.c >&5
configure:18802: $? = 0
configure:18812: result: yes
configure:18830: : WARN_CFLAGS="$WARN_CFLAGS"
configure:18833: $? = 0
configure:18782: checking whether C compiler accepts -Wredundant-decls
configure:18802: gcc  -c -g -O2 -Werror=unknown-warning-option -Wredundant-decls  conftest.c >&5
configure:18802: $? = 0
configure:18812: result: yes
configure:18830: : WARN_CFLAGS="$WARN_CFLAGS"
configure:18833: $? = 0
configure:18782: checking whether C compiler accepts -Wredundant-decls
configure:18812: result: yes
configure:18822: : WARN_CFLAGS already contains $flag
configure:18825: $? = 0
configure:18782: checking whether C compiler accepts -Wrestrict
configure:18802: gcc  -c -g -O2 -Werror=unknown-warning-option -Wrestrict  conftest.c >&5
error: unknown warning option '-Wrestrict' [-Werror,-Wunknown-warning-option]
configure:18802: $? = 1
configure: failed program was:
| /* confdefs.h */
| #define PACKAGE_NAME "GAP"
| #define PACKAGE_TARNAME "gap-4.12.2"
| #define PACKAGE_VERSION "4.12.2"
| #define PACKAGE_STRING "GAP 4.12.2"
| #define PACKAGE_BUGREPORT "support@gap-system.org"
| #define PACKAGE_URL "https://www.gap-system.org/"
| #define HAVE_CXX11 1
| #define HAVE_STDIO_H 1
| #define HAVE_STDLIB_H 1
| #define HAVE_STRING_H 1
| #define HAVE_INTTYPES_H 1
| #define HAVE_STDINT_H 1
| #define HAVE_STRINGS_H 1
| #define HAVE_SYS_STAT_H 1
| #define HAVE_SYS_TYPES_H 1
| #define HAVE_UNISTD_H 1
| #define STDC_HEADERS 1
| #define SIZEOF_VOID_P 8
| #define HAVE_DLFCN_H 1
| #define LT_OBJDIR ".libs/"
| #define HAVE_FUNC_ATTRIBUTE_ALWAYS_INLINE 1
| #define HAVE_FUNC_ATTRIBUTE_CONSTRUCTOR 1
| #define HAVE_FUNC_ATTRIBUTE_FALLTHROUGH 1
| #define HAVE_FUNC_ATTRIBUTE_FORMAT 1
| #define HAVE_FUNC_ATTRIBUTE_NOINLINE 1
| #define HAVE_FUNC_ATTRIBUTE_NORETURN 1
| #define HAVE_FUNC_ATTRIBUTE_PURE 1
| #define HAVE___BUILTIN_MUL_OVERFLOW 1
| #define HAVE___BUILTIN_CLZ 1
| #define HAVE___BUILTIN_CLZL 1
| #define HAVE___BUILTIN_CLZLL 1
| #define HAVE___BUILTIN_POPCOUNTL 1
| #define SIZEOF_INT 4
| #define SIZEOF_LONG 8
| #define SIZEOF_LONG_LONG 8
| /* end confdefs.h.  */
| 
| int
| main (void)
| {
| 
|   ;
|   return 0;
| }
configure:18812: result: no
configure:18782: checking whether C compiler accepts -Wreturn-type
configure:18802: gcc  -c -g -O2 -Werror=unknown-warning-option -Wreturn-type  conftest.c >&5
configure:18802: $? = 0
configure:18812: result: yes
configure:18830: : WARN_CFLAGS="$WARN_CFLAGS"
configure:18833: $? = 0
configure:18782: checking whether C compiler accepts -Wshadow
configure:18802: gcc  -c -g -O2 -Werror=unknown-warning-option -Wshadow  conftest.c >&5
configure:18802: $? = 0
configure:18812: result: yes
configure:18830: : WARN_CFLAGS="$WARN_CFLAGS"
configure:18833: $? = 0
configure:18782: checking whether C compiler accepts -Wno-sign-compare
configure:18802: gcc  -c -g -O2 -Werror=unknown-warning-option -Wno-sign-compare  conftest.c >&5
configure:18802: $? = 0
configure:18812: result: yes
configure:18830: : WARN_CFLAGS="$WARN_CFLAGS"
configure:18833: $? = 0
configure:18782: checking whether C compiler accepts -Wstrict-aliasing
configure:18802: gcc  -c -g -O2 -Werror=unknown-warning-option -Wstrict-aliasing  conftest.c >&5
configure:18802: $? = 0
configure:18812: result: yes
configure:18830: : WARN_CFLAGS="$WARN_CFLAGS"
configure:18833: $? = 0
configure:18782: checking whether C compiler accepts -Wundef
configure:18802: gcc  -c -g -O2 -Werror=unknown-warning-option -Wundef  conftest.c >&5
configure:18802: $? = 0
configure:18812: result: yes
configure:18830: : WARN_CFLAGS="$WARN_CFLAGS"
configure:18833: $? = 0
configure:18782: checking whether C compiler accepts -Wunused-but-set-variable
configure:18802: gcc  -c -g -O2 -Werror=unknown-warning-option -Wunused-but-set-variable  conftest.c >&5
error: unknown warning option '-Wunused-but-set-variable'; did you mean '-Wunused-const-variable'? [-Werror,-Wunknown-warning-option]
configure:18802: $? = 1
configure: failed program was:
| /* confdefs.h */
| #define PACKAGE_NAME "GAP"
| #define PACKAGE_TARNAME "gap-4.12.2"
| #define PACKAGE_VERSION "4.12.2"
| #define PACKAGE_STRING "GAP 4.12.2"
| #define PACKAGE_BUGREPORT "support@gap-system.org"
| #define PACKAGE_URL "https://www.gap-system.org/"
| #define HAVE_CXX11 1
| #define HAVE_STDIO_H 1
| #define HAVE_STDLIB_H 1
| #define HAVE_STRING_H 1
| #define HAVE_INTTYPES_H 1
| #define HAVE_STDINT_H 1
| #define HAVE_STRINGS_H 1
| #define HAVE_SYS_STAT_H 1
| #define HAVE_SYS_TYPES_H 1
| #define HAVE_UNISTD_H 1
| #define STDC_HEADERS 1
| #define SIZEOF_VOID_P 8
| #define HAVE_DLFCN_H 1
| #define LT_OBJDIR ".libs/"
| #define HAVE_FUNC_ATTRIBUTE_ALWAYS_INLINE 1
| #define HAVE_FUNC_ATTRIBUTE_CONSTRUCTOR 1
| #define HAVE_FUNC_ATTRIBUTE_FALLTHROUGH 1
| #define HAVE_FUNC_ATTRIBUTE_FORMAT 1
| #define HAVE_FUNC_ATTRIBUTE_NOINLINE 1
| #define HAVE_FUNC_ATTRIBUTE_NORETURN 1
| #define HAVE_FUNC_ATTRIBUTE_PURE 1
| #define HAVE___BUILTIN_MUL_OVERFLOW 1
| #define HAVE___BUILTIN_CLZ 1
| #define HAVE___BUILTIN_CLZL 1
| #define HAVE___BUILTIN_CLZLL 1
| #define HAVE___BUILTIN_POPCOUNTL 1
| #define SIZEOF_INT 4
| #define SIZEOF_LONG 8
| #define SIZEOF_LONG_LONG 8
| /* end confdefs.h.  */
| 
| int
| main (void)
| {
| 
|   ;
|   return 0;
| }
configure:18812: result: no
configure:18782: checking whether C compiler accepts -Wno-unused-parameter
configure:18802: gcc  -c -g -O2 -Werror=unknown-warning-option -Wno-unused-parameter  conftest.c >&5
configure:18802: $? = 0
configure:18812: result: yes
configure:18830: : WARN_CFLAGS="$WARN_CFLAGS"
configure:18833: $? = 0
configure:18782: checking whether C compiler accepts -Wwrite-strings
configure:18802: gcc  -c -g -O2 -Werror=unknown-warning-option -Wwrite-strings  conftest.c >&5
configure:18802: $? = 0
configure:18812: result: yes
configure:18830: : WARN_CFLAGS="$WARN_CFLAGS"
configure:18833: $? = 0
configure:18869: checking whether C compiler accepts -Wno-implicit-fallthrough
configure:18889: gcc  -c -g -O2 -Werror=unknown-warning-option -Wno-implicit-fallthrough  conftest.c >&5
configure:18889: $? = 0
configure:18899: result: yes
configure:18917: : WARN_CFLAGS="$WARN_CFLAGS"
configure:18920: $? = 0
configure:18869: checking whether C compiler accepts -Wimplicit-function-declaration
configure:18889: gcc  -c -g -O2 -Werror=unknown-warning-option -Wimplicit-function-declaration  conftest.c >&5
configure:18889: $? = 0
configure:18899: result: yes
configure:18917: : WARN_CFLAGS="$WARN_CFLAGS"
configure:18920: $? = 0
configure:18869: checking whether C compiler accepts -Wjump-misses-init
configure:18889: gcc  -c -g -O2 -Werror=unknown-warning-option -Wjump-misses-init  conftest.c >&5
error: unknown warning option '-Wjump-misses-init' [-Werror,-Wunknown-warning-option]
configure:18889: $? = 1
configure: failed program was:
| /* confdefs.h */
| #define PACKAGE_NAME "GAP"
| #define PACKAGE_TARNAME "gap-4.12.2"
| #define PACKAGE_VERSION "4.12.2"
| #define PACKAGE_STRING "GAP 4.12.2"
| #define PACKAGE_BUGREPORT "support@gap-system.org"
| #define PACKAGE_URL "https://www.gap-system.org/"
| #define HAVE_CXX11 1
| #define HAVE_STDIO_H 1
| #define HAVE_STDLIB_H 1
| #define HAVE_STRING_H 1
| #define HAVE_INTTYPES_H 1
| #define HAVE_STDINT_H 1
| #define HAVE_STRINGS_H 1
| #define HAVE_SYS_STAT_H 1
| #define HAVE_SYS_TYPES_H 1
| #define HAVE_UNISTD_H 1
| #define STDC_HEADERS 1
| #define SIZEOF_VOID_P 8
| #define HAVE_DLFCN_H 1
| #define LT_OBJDIR ".libs/"
| #define HAVE_FUNC_ATTRIBUTE_ALWAYS_INLINE 1
| #define HAVE_FUNC_ATTRIBUTE_CONSTRUCTOR 1
| #define HAVE_FUNC_ATTRIBUTE_FALLTHROUGH 1
| #define HAVE_FUNC_ATTRIBUTE_FORMAT 1
| #define HAVE_FUNC_ATTRIBUTE_NOINLINE 1
| #define HAVE_FUNC_ATTRIBUTE_NORETURN 1
| #define HAVE_FUNC_ATTRIBUTE_PURE 1
| #define HAVE___BUILTIN_MUL_OVERFLOW 1
| #define HAVE___BUILTIN_CLZ 1
| #define HAVE___BUILTIN_CLZL 1
| #define HAVE___BUILTIN_CLZLL 1
| #define HAVE___BUILTIN_POPCOUNTL 1
| #define SIZEOF_INT 4
| #define SIZEOF_LONG 8
| #define SIZEOF_LONG_LONG 8
| /* end confdefs.h.  */
| 
| int
| main (void)
| {
| 
|   ;
|   return 0;
| }
configure:18899: result: no
configure:18869: checking whether C compiler accepts -Wnested-externs
configure:18889: gcc  -c -g -O2 -Werror=unknown-warning-option -Wnested-externs  conftest.c >&5
configure:18889: $? = 0
configure:18899: result: yes
configure:18917: : WARN_CFLAGS="$WARN_CFLAGS"
configure:18920: $? = 0
configure:18869: checking whether C compiler accepts -Wold-style-definition
configure:18889: gcc  -c -g -O2 -Werror=unknown-warning-option -Wold-style-definition  conftest.c >&5
configure:18889: $? = 0
configure:18899: result: yes
configure:18917: : WARN_CFLAGS="$WARN_CFLAGS"
configure:18920: $? = 0
configure:18869: checking whether C compiler accepts -Wstrict-prototypes
configure:18889: gcc  -c -g -O2 -Werror=unknown-warning-option -Wstrict-prototypes  conftest.c >&5
configure:18889: $? = 0
configure:18899: result: yes
configure:18917: : WARN_CFLAGS="$WARN_CFLAGS"
configure:18920: $? = 0
configure:18957: checking whether C++ compiler accepts -Wextra-semi
configure:18977: g++ -std=gnu++11  -c -g -O2 -Werror=unknown-warning-option -Wextra-semi  conftest.cpp >&5
configure:18977: $? = 0
configure:18987: result: yes
configure:19005: : WARN_CXXFLAGS="$WARN_CXXFLAGS"
configure:19008: $? = 0
configure:19213: checking whether C compiler accepts -Wno-error=inline
configure:19233: gcc  -c -g -O2 -Werror=unknown-warning-option -Wno-error=inline  conftest.c >&5
configure:19233: $? = 0
configure:19243: result: yes
configure:19261: : WARN_CFLAGS="$WARN_CFLAGS"
configure:19264: $? = 0
configure:19213: checking whether C compiler accepts -Wno-error=pragmas
configure:19233: gcc  -c -g -O2 -Werror=unknown-warning-option -Wno-error=pragmas  conftest.c >&5
configure:19233: $? = 0
configure:19243: result: yes
configure:19261: : WARN_CFLAGS="$WARN_CFLAGS"
configure:19264: $? = 0
configure:19213: checking whether C compiler accepts -Wno-error=sign-compare
configure:19233: gcc  -c -g -O2 -Werror=unknown-warning-option -Wno-error=sign-compare  conftest.c >&5
configure:19233: $? = 0
configure:19243: result: yes
configure:19261: : WARN_CFLAGS="$WARN_CFLAGS"
configure:19264: $? = 0
configure:19213: checking whether C compiler accepts -Wno-error=unused-parameter
configure:19233: gcc  -c -g -O2 -Werror=unknown-warning-option -Wno-error=unused-parameter  conftest.c >&5
configure:19233: $? = 0
configure:19243: result: yes
configure:19261: : WARN_CFLAGS="$WARN_CFLAGS"
configure:19264: $? = 0
configure:19213: checking whether C compiler accepts -Wno-error=implicit-fallthrough
configure:19233: gcc  -c -g -O2 -Werror=unknown-warning-option -Wno-error=implicit-fallthrough  conftest.c >&5
configure:19233: $? = 0
configure:19243: result: yes
configure:19261: : WARN_CFLAGS="$WARN_CFLAGS"
configure:19264: $? = 0
configure:19313: checking whether to try and use __builtin_popcountl
configure:19315: result: yes
configure:19398: checking for gmp.h
configure:19398: gcc  -c -g -O2  -I/opt/homebrew/include conftest.c >&5
configure:19398: $? = 0
configure:19398: result: yes
configure:19402: checking for __gmpz_init in -lgmp
configure:19425: gcc  -o conftest -g -O2  -I/opt/homebrew/include  -L/opt/homebrew/lib conftest.c -lgmp   >&5
configure:19425: $? = 0
configure:19435: result: yes
configure:19570: checking for zlib.h
configure:19570: gcc  -c -g -O2  conftest.c >&5
configure:19570: $? = 0
configure:19570: result: yes
configure:19574: checking for inflateEnd in -lz
configure:19597: gcc  -o conftest -g -O2   conftest.c -lz   >&5
configure:19597: $? = 0
configure:19607: result: yes
configure:19695: checking for library containing rl_bind_keyseq
configure:19725: gcc  -o conftest -g -O2   -L/opt/homebrew/opt/readline/lib conftest.c  >&5
Undefined symbols for architecture arm64:
  "_rl_bind_keyseq", referenced from:
      _main in conftest-35b3ab.o
ld: symbol(s) not found for architecture arm64
clang: error: linker command failed with exit code 1 (use -v to see invocation)
configure:19725: $? = 1
configure: failed program was:
| /* confdefs.h */
| #define PACKAGE_NAME "GAP"
| #define PACKAGE_TARNAME "gap-4.12.2"
| #define PACKAGE_VERSION "4.12.2"
| #define PACKAGE_STRING "GAP 4.12.2"
| #define PACKAGE_BUGREPORT "support@gap-system.org"
| #define PACKAGE_URL "https://www.gap-system.org/"
| #define HAVE_CXX11 1
| #define HAVE_STDIO_H 1
| #define HAVE_STDLIB_H 1
| #define HAVE_STRING_H 1
| #define HAVE_INTTYPES_H 1
| #define HAVE_STDINT_H 1
| #define HAVE_STRINGS_H 1
| #define HAVE_SYS_STAT_H 1
| #define HAVE_SYS_TYPES_H 1
| #define HAVE_UNISTD_H 1
| #define STDC_HEADERS 1
| #define SIZEOF_VOID_P 8
| #define HAVE_DLFCN_H 1
| #define LT_OBJDIR ".libs/"
| #define HAVE_FUNC_ATTRIBUTE_ALWAYS_INLINE 1
| #define HAVE_FUNC_ATTRIBUTE_CONSTRUCTOR 1
| #define HAVE_FUNC_ATTRIBUTE_FALLTHROUGH 1
| #define HAVE_FUNC_ATTRIBUTE_FORMAT 1
| #define HAVE_FUNC_ATTRIBUTE_NOINLINE 1
| #define HAVE_FUNC_ATTRIBUTE_NORETURN 1
| #define HAVE_FUNC_ATTRIBUTE_PURE 1
| #define HAVE___BUILTIN_MUL_OVERFLOW 1
| #define HAVE___BUILTIN_CLZ 1
| #define HAVE___BUILTIN_CLZL 1
| #define HAVE___BUILTIN_CLZLL 1
| #define HAVE___BUILTIN_POPCOUNTL 1
| #define SIZEOF_INT 4
| #define SIZEOF_LONG 8
| #define SIZEOF_LONG_LONG 8
| #define USE_POPCNT 1
| #define HAVE_GMP 1
| #define HAVE_ZLIB 1
| /* end confdefs.h.  */
| 
| /* Override any GCC internal prototype to avoid an error.
|    Use char because int might match the return type of a GCC
|    builtin and then its argument prototype would still apply.  */
| char rl_bind_keyseq ();
| int
| main (void)
| {
| return rl_bind_keyseq ();
|   ;
|   return 0;
| }
configure:19725: gcc  -o conftest -g -O2   -L/opt/homebrew/opt/readline/lib conftest.c -lreadline   >&5
configure:19725: $? = 0
configure:19745: result: -lreadline
configure:19791: checking for readline/readline.h
configure:19791: gcc  -c -g -O2 -I/opt/homebrew/opt/readline/include  conftest.c >&5
configure:19791: $? = 0
configure:19791: result: yes
configure:20043: checking the GAPARCH
configure:20085: result: aarch64-apple-darwin20-default64-kv8
configure:20101: checking whether to enable compatibility mode for packages
configure:20103: result: yes
configure:20123: in-tree build
configure:20142: checking unaligned access
configure:20178: gcc  -o conftest -g -O2   conftest.c  >&5
conftest.c:44:14: warning: type specifier missing, defaults to 'int' [-Wimplicit-int]
char buf[32];main(){long i= *(long*)(buf+1);buf[1]=(char)i;return 0;}
             ^
1 warning generated.
configure:20178: $? = 0
configure:20178: ./conftest
configure:20178: $? = 0
configure:20253: result: 1
configure:20298: checking for termios.h
configure:20298: gcc  -c -g -O2  conftest.c >&5
configure:20298: $? = 0
configure:20298: result: yes
configure:20305: checking for sys/ioctl.h
configure:20305: gcc  -c -g -O2  conftest.c >&5
configure:20305: $? = 0
configure:20305: result: yes
configure:20311: checking for sys/resource.h
configure:20311: gcc  -c -g -O2  conftest.c >&5
configure:20311: $? = 0
configure:20311: result: yes
configure:20323: checking for library containing openpty
configure:20353: gcc  -o conftest -g -O2   conftest.c  >&5
configure:20353: $? = 0
configure:20373: result: none required
configure:20418: checking for util.h
configure:20418: gcc  -c -g -O2  conftest.c >&5
configure:20418: $? = 0
configure:20418: result: yes
configure:20424: checking for pty.h
configure:20424: gcc  -c -g -O2  conftest.c >&5
conftest.c:78:10: fatal error: 'pty.h' file not found
#include <pty.h>
         ^~~~~~~
1 error generated.
configure:20424: $? = 1
configure: failed program was:
| /* confdefs.h */
| #define PACKAGE_NAME "GAP"
| #define PACKAGE_TARNAME "gap-4.12.2"
| #define PACKAGE_VERSION "4.12.2"
| #define PACKAGE_STRING "GAP 4.12.2"
| #define PACKAGE_BUGREPORT "support@gap-system.org"
| #define PACKAGE_URL "https://www.gap-system.org/"
| #define HAVE_CXX11 1
| #define HAVE_STDIO_H 1
| #define HAVE_STDLIB_H 1
| #define HAVE_STRING_H 1
| #define HAVE_INTTYPES_H 1
| #define HAVE_STDINT_H 1
| #define HAVE_STRINGS_H 1
| #define HAVE_SYS_STAT_H 1
| #define HAVE_SYS_TYPES_H 1
| #define HAVE_UNISTD_H 1
| #define STDC_HEADERS 1
| #define SIZEOF_VOID_P 8
| #define HAVE_DLFCN_H 1
| #define LT_OBJDIR ".libs/"
| #define HAVE_FUNC_ATTRIBUTE_ALWAYS_INLINE 1
| #define HAVE_FUNC_ATTRIBUTE_CONSTRUCTOR 1
| #define HAVE_FUNC_ATTRIBUTE_FALLTHROUGH 1
| #define HAVE_FUNC_ATTRIBUTE_FORMAT 1
| #define HAVE_FUNC_ATTRIBUTE_NOINLINE 1
| #define HAVE_FUNC_ATTRIBUTE_NORETURN 1
| #define HAVE_FUNC_ATTRIBUTE_PURE 1
| #define HAVE___BUILTIN_MUL_OVERFLOW 1
| #define HAVE___BUILTIN_CLZ 1
| #define HAVE___BUILTIN_CLZL 1
| #define HAVE___BUILTIN_CLZLL 1
| #define HAVE___BUILTIN_POPCOUNTL 1
| #define SIZEOF_INT 4
| #define SIZEOF_LONG 8
| #define SIZEOF_LONG_LONG 8
| #define USE_POPCNT 1
| #define HAVE_GMP 1
| #define HAVE_ZLIB 1
| #define HAVE_READLINE_READLINE_H 1
| #define HAVE_LIBREADLINE 1
| #define GAPARCH "aarch64-apple-darwin20-default64-kv8"
| #define C_STACK_ALIGN 1
| #define HAVE_TERMIOS_H 1
| #define HAVE_SYS_IOCTL_H 1
| #define HAVE_SYS_RESOURCE_H 1
| #define HAVE_OPENPTY 1
| #define HAVE_UTIL_H 1
| /* end confdefs.h.  */
| #include <stddef.h>
| #ifdef HAVE_STDIO_H
| # include <stdio.h>
| #endif
| #ifdef HAVE_STDLIB_H
| # include <stdlib.h>
| #endif
| #ifdef HAVE_STRING_H
| # include <string.h>
| #endif
| #ifdef HAVE_INTTYPES_H
| # include <inttypes.h>
| #endif
| #ifdef HAVE_STDINT_H
| # include <stdint.h>
| #endif
| #ifdef HAVE_STRINGS_H
| # include <strings.h>
| #endif
| #ifdef HAVE_SYS_TYPES_H
| # include <sys/types.h>
| #endif
| #ifdef HAVE_SYS_STAT_H
| # include <sys/stat.h>
| #endif
| #ifdef HAVE_UNISTD_H
| # include <unistd.h>
| #endif
| #include <pty.h>
configure:20424: result: no
configure:20430: checking for libutil.h
configure:20430: gcc  -c -g -O2  conftest.c >&5
conftest.c:78:10: fatal error: 'libutil.h' file not found
#include <libutil.h>
         ^~~~~~~~~~~
1 error generated.
configure:20430: $? = 1
configure: failed program was:
| /* confdefs.h */
| #define PACKAGE_NAME "GAP"
| #define PACKAGE_TARNAME "gap-4.12.2"
| #define PACKAGE_VERSION "4.12.2"
| #define PACKAGE_STRING "GAP 4.12.2"
| #define PACKAGE_BUGREPORT "support@gap-system.org"
| #define PACKAGE_URL "https://www.gap-system.org/"
| #define HAVE_CXX11 1
| #define HAVE_STDIO_H 1
| #define HAVE_STDLIB_H 1
| #define HAVE_STRING_H 1
| #define HAVE_INTTYPES_H 1
| #define HAVE_STDINT_H 1
| #define HAVE_STRINGS_H 1
| #define HAVE_SYS_STAT_H 1
| #define HAVE_SYS_TYPES_H 1
| #define HAVE_UNISTD_H 1
| #define STDC_HEADERS 1
| #define SIZEOF_VOID_P 8
| #define HAVE_DLFCN_H 1
| #define LT_OBJDIR ".libs/"
| #define HAVE_FUNC_ATTRIBUTE_ALWAYS_INLINE 1
| #define HAVE_FUNC_ATTRIBUTE_CONSTRUCTOR 1
| #define HAVE_FUNC_ATTRIBUTE_FALLTHROUGH 1
| #define HAVE_FUNC_ATTRIBUTE_FORMAT 1
| #define HAVE_FUNC_ATTRIBUTE_NOINLINE 1
| #define HAVE_FUNC_ATTRIBUTE_NORETURN 1
| #define HAVE_FUNC_ATTRIBUTE_PURE 1
| #define HAVE___BUILTIN_MUL_OVERFLOW 1
| #define HAVE___BUILTIN_CLZ 1
| #define HAVE___BUILTIN_CLZL 1
| #define HAVE___BUILTIN_CLZLL 1
| #define HAVE___BUILTIN_POPCOUNTL 1
| #define SIZEOF_INT 4
| #define SIZEOF_LONG 8
| #define SIZEOF_LONG_LONG 8
| #define USE_POPCNT 1
| #define HAVE_GMP 1
| #define HAVE_ZLIB 1
| #define HAVE_READLINE_READLINE_H 1
| #define HAVE_LIBREADLINE 1
| #define GAPARCH "aarch64-apple-darwin20-default64-kv8"
| #define C_STACK_ALIGN 1
| #define HAVE_TERMIOS_H 1
| #define HAVE_SYS_IOCTL_H 1
| #define HAVE_SYS_RESOURCE_H 1
| #define HAVE_OPENPTY 1
| #define HAVE_UTIL_H 1
| /* end confdefs.h.  */
| #include <stddef.h>
| #ifdef HAVE_STDIO_H
| # include <stdio.h>
| #endif
| #ifdef HAVE_STDLIB_H
| # include <stdlib.h>
| #endif
| #ifdef HAVE_STRING_H
| # include <string.h>
| #endif
| #ifdef HAVE_INTTYPES_H
| # include <inttypes.h>
| #endif
| #ifdef HAVE_STDINT_H
| # include <stdint.h>
| #endif
| #ifdef HAVE_STRINGS_H
| # include <strings.h>
| #endif
| #ifdef HAVE_SYS_TYPES_H
| # include <sys/types.h>
| #endif
| #ifdef HAVE_SYS_STAT_H
| # include <sys/stat.h>
| #endif
| #ifdef HAVE_UNISTD_H
| # include <unistd.h>
| #endif
| #include <libutil.h>
configure:20430: result: no
configure:20440: checking for signal.h
configure:20440: gcc  -c -g -O2  conftest.c >&5
configure:20440: $? = 0
configure:20440: result: yes
configure:20447: checking for select
configure:20447: gcc  -o conftest -g -O2   conftest.c  >&5
configure:20447: $? = 0
configure:20447: result: yes
configure:20455: checking for spawn.h
configure:20455: gcc  -c -g -O2  conftest.c >&5
configure:20455: $? = 0
configure:20455: result: yes
configure:20462: checking for sys/wait.h that is POSIX.1 compatible
configure:20489: gcc  -c -g -O2  conftest.c >&5
configure:20489: $? = 0
configure:20497: result: yes
configure:20506: checking for pid_t
configure:20506: gcc  -c -g -O2  conftest.c >&5
configure:20506: $? = 0
configure:20506: gcc  -c -g -O2  conftest.c >&5
conftest.c:86:20: error: expected expression
if (sizeof ((pid_t)))
                   ^
1 error generated.
configure:20506: $? = 1
configure: failed program was:
| /* confdefs.h */
| #define PACKAGE_NAME "GAP"
| #define PACKAGE_TARNAME "gap-4.12.2"
| #define PACKAGE_VERSION "4.12.2"
| #define PACKAGE_STRING "GAP 4.12.2"
| #define PACKAGE_BUGREPORT "support@gap-system.org"
| #define PACKAGE_URL "https://www.gap-system.org/"
| #define HAVE_CXX11 1
| #define HAVE_STDIO_H 1
| #define HAVE_STDLIB_H 1
| #define HAVE_STRING_H 1
| #define HAVE_INTTYPES_H 1
| #define HAVE_STDINT_H 1
| #define HAVE_STRINGS_H 1
| #define HAVE_SYS_STAT_H 1
| #define HAVE_SYS_TYPES_H 1
| #define HAVE_UNISTD_H 1
| #define STDC_HEADERS 1
| #define SIZEOF_VOID_P 8
| #define HAVE_DLFCN_H 1
| #define LT_OBJDIR ".libs/"
| #define HAVE_FUNC_ATTRIBUTE_ALWAYS_INLINE 1
| #define HAVE_FUNC_ATTRIBUTE_CONSTRUCTOR 1
| #define HAVE_FUNC_ATTRIBUTE_FALLTHROUGH 1
| #define HAVE_FUNC_ATTRIBUTE_FORMAT 1
| #define HAVE_FUNC_ATTRIBUTE_NOINLINE 1
| #define HAVE_FUNC_ATTRIBUTE_NORETURN 1
| #define HAVE_FUNC_ATTRIBUTE_PURE 1
| #define HAVE___BUILTIN_MUL_OVERFLOW 1
| #define HAVE___BUILTIN_CLZ 1
| #define HAVE___BUILTIN_CLZL 1
| #define HAVE___BUILTIN_CLZLL 1
| #define HAVE___BUILTIN_POPCOUNTL 1
| #define SIZEOF_INT 4
| #define SIZEOF_LONG 8
| #define SIZEOF_LONG_LONG 8
| #define USE_POPCNT 1
| #define HAVE_GMP 1
| #define HAVE_ZLIB 1
| #define HAVE_READLINE_READLINE_H 1
| #define HAVE_LIBREADLINE 1
| #define GAPARCH "aarch64-apple-darwin20-default64-kv8"
| #define C_STACK_ALIGN 1
| #define HAVE_TERMIOS_H 1
| #define HAVE_SYS_IOCTL_H 1
| #define HAVE_SYS_RESOURCE_H 1
| #define HAVE_OPENPTY 1
| #define HAVE_UTIL_H 1
| #define HAVE_SIGNAL_H 1
| #define HAVE_SELECT 1
| #define HAVE_SPAWN_H 1
| #define HAVE_SYS_WAIT_H 1
| /* end confdefs.h.  */
| #include <stddef.h>
| #ifdef HAVE_STDIO_H
| # include <stdio.h>
| #endif
| #ifdef HAVE_STDLIB_H
| # include <stdlib.h>
| #endif
| #ifdef HAVE_STRING_H
| # include <string.h>
| #endif
| #ifdef HAVE_INTTYPES_H
| # include <inttypes.h>
| #endif
| #ifdef HAVE_STDINT_H
| # include <stdint.h>
| #endif
| #ifdef HAVE_STRINGS_H
| # include <strings.h>
| #endif
| #ifdef HAVE_SYS_TYPES_H
| # include <sys/types.h>
| #endif
| #ifdef HAVE_SYS_STAT_H
| # include <sys/stat.h>
| #endif
| #ifdef HAVE_UNISTD_H
| # include <unistd.h>
| #endif
| 
| int
| main (void)
| {
| if (sizeof ((pid_t)))
| 	    return 0;
|   ;
|   return 0;
| }
configure:20506: result: yes
configure:20547: checking for fork
configure:20547: gcc  -o conftest -g -O2   conftest.c  >&5
configure:20547: $? = 0
configure:20547: result: yes
configure:20547: checking for vfork
configure:20547: gcc  -o conftest -g -O2   conftest.c  >&5
conftest.c:71:6: warning: incompatible redeclaration of library function 'vfork' [-Wincompatible-library-redeclaration]
char vfork ();
     ^
conftest.c:71:6: note: 'vfork' is a builtin with type 'int (void)'
1 warning generated.
configure:20547: $? = 0
configure:20547: result: yes
configure:20560: checking for working fork
configure:20584: gcc  -o conftest -g -O2   conftest.c  >&5
configure:20584: $? = 0
configure:20584: ./conftest
configure:20584: $? = 0
configure:20595: result: yes
configure:20616: checking for working vfork
configure:20745: result: yes
configure:20770: checking for popen
configure:20770: gcc  -o conftest -g -O2   conftest.c  >&5
configure:20770: $? = 0
configure:20770: result: yes
configure:20776: checking for posix_spawn
configure:20776: gcc  -o conftest -g -O2   conftest.c  >&5
configure:20776: $? = 0
configure:20776: result: yes
configure:20783: checking for posix_spawn_file_actions_addchdir
configure:20783: gcc  -o conftest -g -O2   conftest.c  >&5
Undefined symbols for architecture arm64:
  "_posix_spawn_file_actions_addchdir", referenced from:
      _main in conftest-981da0.o
ld: symbol(s) not found for architecture arm64
clang: error: linker command failed with exit code 1 (use -v to see invocation)
configure:20783: $? = 1
configure: failed program was:
| /* confdefs.h */
| #define PACKAGE_NAME "GAP"
| #define PACKAGE_TARNAME "gap-4.12.2"
| #define PACKAGE_VERSION "4.12.2"
| #define PACKAGE_STRING "GAP 4.12.2"
| #define PACKAGE_BUGREPORT "support@gap-system.org"
| #define PACKAGE_URL "https://www.gap-system.org/"
| #define HAVE_CXX11 1
| #define HAVE_STDIO_H 1
| #define HAVE_STDLIB_H 1
| #define HAVE_STRING_H 1
| #define HAVE_INTTYPES_H 1
| #define HAVE_STDINT_H 1
| #define HAVE_STRINGS_H 1
| #define HAVE_SYS_STAT_H 1
| #define HAVE_SYS_TYPES_H 1
| #define HAVE_UNISTD_H 1
| #define STDC_HEADERS 1
| #define SIZEOF_VOID_P 8
| #define HAVE_DLFCN_H 1
| #define LT_OBJDIR ".libs/"
| #define HAVE_FUNC_ATTRIBUTE_ALWAYS_INLINE 1
| #define HAVE_FUNC_ATTRIBUTE_CONSTRUCTOR 1
| #define HAVE_FUNC_ATTRIBUTE_FALLTHROUGH 1
| #define HAVE_FUNC_ATTRIBUTE_FORMAT 1
| #define HAVE_FUNC_ATTRIBUTE_NOINLINE 1
| #define HAVE_FUNC_ATTRIBUTE_NORETURN 1
| #define HAVE_FUNC_ATTRIBUTE_PURE 1
| #define HAVE___BUILTIN_MUL_OVERFLOW 1
| #define HAVE___BUILTIN_CLZ 1
| #define HAVE___BUILTIN_CLZL 1
| #define HAVE___BUILTIN_CLZLL 1
| #define HAVE___BUILTIN_POPCOUNTL 1
| #define SIZEOF_INT 4
| #define SIZEOF_LONG 8
| #define SIZEOF_LONG_LONG 8
| #define USE_POPCNT 1
| #define HAVE_GMP 1
| #define HAVE_ZLIB 1
| #define HAVE_READLINE_READLINE_H 1
| #define HAVE_LIBREADLINE 1
| #define GAPARCH "aarch64-apple-darwin20-default64-kv8"
| #define C_STACK_ALIGN 1
| #define HAVE_TERMIOS_H 1
| #define HAVE_SYS_IOCTL_H 1
| #define HAVE_SYS_RESOURCE_H 1
| #define HAVE_OPENPTY 1
| #define HAVE_UTIL_H 1
| #define HAVE_SIGNAL_H 1
| #define HAVE_SELECT 1
| #define HAVE_SPAWN_H 1
| #define HAVE_SYS_WAIT_H 1
| #define HAVE_FORK 1
| #define HAVE_VFORK 1
| #define HAVE_WORKING_VFORK 1
| #define HAVE_WORKING_FORK 1
| #define HAVE_POPEN 1
| #define HAVE_POSIX_SPAWN 1
| /* end confdefs.h.  */
| /* Define posix_spawn_file_actions_addchdir to an innocuous variant, in case <limits.h> declares posix_spawn_file_actions_addchdir.
|    For example, HP-UX 11i <limits.h> declares gettimeofday.  */
| #define posix_spawn_file_actions_addchdir innocuous_posix_spawn_file_actions_addchdir
| 
| /* System header to define __stub macros and hopefully few prototypes,
|    which can conflict with char posix_spawn_file_actions_addchdir (); below.  */
| 
| #include <limits.h>
| #undef posix_spawn_file_actions_addchdir
| 
| /* Override any GCC internal prototype to avoid an error.
|    Use char because int might match the return type of a GCC
|    builtin and then its argument prototype would still apply.  */
| #ifdef __cplusplus
| extern "C"
| #endif
| char posix_spawn_file_actions_addchdir ();
| /* The GNU C library defines this for functions which it implements
|     to always fail with ENOSYS.  Some functions are actually named
|     something starting with __ and the normal name is an alias.  */
| #if defined __stub_posix_spawn_file_actions_addchdir || defined __stub___posix_spawn_file_actions_addchdir
| choke me
| #endif
| 
| int
| main (void)
| {
| return posix_spawn_file_actions_addchdir ();
|   ;
|   return 0;
| }
configure:20783: result: no
configure:20790: checking for posix_spawn_file_actions_addchdir_np
configure:20790: gcc  -o conftest -g -O2   conftest.c  >&5
configure:20790: $? = 0
configure:20790: result: yes
configure:20798: checking for sig_atomic_t
configure:20798: gcc  -c -g -O2  conftest.c >&5
configure:20798: $? = 0
configure:20798: gcc  -c -g -O2  conftest.c >&5
conftest.c:67:27: error: expected expression
if (sizeof ((sig_atomic_t)))
                          ^
1 error generated.
configure:20798: $? = 1
configure: failed program was:
| /* confdefs.h */
| #define PACKAGE_NAME "GAP"
| #define PACKAGE_TARNAME "gap-4.12.2"
| #define PACKAGE_VERSION "4.12.2"
| #define PACKAGE_STRING "GAP 4.12.2"
| #define PACKAGE_BUGREPORT "support@gap-system.org"
| #define PACKAGE_URL "https://www.gap-system.org/"
| #define HAVE_CXX11 1
| #define HAVE_STDIO_H 1
| #define HAVE_STDLIB_H 1
| #define HAVE_STRING_H 1
| #define HAVE_INTTYPES_H 1
| #define HAVE_STDINT_H 1
| #define HAVE_STRINGS_H 1
| #define HAVE_SYS_STAT_H 1
| #define HAVE_SYS_TYPES_H 1
| #define HAVE_UNISTD_H 1
| #define STDC_HEADERS 1
| #define SIZEOF_VOID_P 8
| #define HAVE_DLFCN_H 1
| #define LT_OBJDIR ".libs/"
| #define HAVE_FUNC_ATTRIBUTE_ALWAYS_INLINE 1
| #define HAVE_FUNC_ATTRIBUTE_CONSTRUCTOR 1
| #define HAVE_FUNC_ATTRIBUTE_FALLTHROUGH 1
| #define HAVE_FUNC_ATTRIBUTE_FORMAT 1
| #define HAVE_FUNC_ATTRIBUTE_NOINLINE 1
| #define HAVE_FUNC_ATTRIBUTE_NORETURN 1
| #define HAVE_FUNC_ATTRIBUTE_PURE 1
| #define HAVE___BUILTIN_MUL_OVERFLOW 1
| #define HAVE___BUILTIN_CLZ 1
| #define HAVE___BUILTIN_CLZL 1
| #define HAVE___BUILTIN_CLZLL 1
| #define HAVE___BUILTIN_POPCOUNTL 1
| #define SIZEOF_INT 4
| #define SIZEOF_LONG 8
| #define SIZEOF_LONG_LONG 8
| #define USE_POPCNT 1
| #define HAVE_GMP 1
| #define HAVE_ZLIB 1
| #define HAVE_READLINE_READLINE_H 1
| #define HAVE_LIBREADLINE 1
| #define GAPARCH "aarch64-apple-darwin20-default64-kv8"
| #define C_STACK_ALIGN 1
| #define HAVE_TERMIOS_H 1
| #define HAVE_SYS_IOCTL_H 1
| #define HAVE_SYS_RESOURCE_H 1
| #define HAVE_OPENPTY 1
| #define HAVE_UTIL_H 1
| #define HAVE_SIGNAL_H 1
| #define HAVE_SELECT 1
| #define HAVE_SPAWN_H 1
| #define HAVE_SYS_WAIT_H 1
| #define HAVE_FORK 1
| #define HAVE_VFORK 1
| #define HAVE_WORKING_VFORK 1
| #define HAVE_WORKING_FORK 1
| #define HAVE_POPEN 1
| #define HAVE_POSIX_SPAWN 1
| #define HAVE_POSIX_SPAWN_FILE_ACTIONS_ADDCHDIR_NP 1
| /* end confdefs.h.  */
| #include <signal.h>
| 
| 
| int
| main (void)
| {
| if (sizeof ((sig_atomic_t)))
| 	    return 0;
|   ;
|   return 0;
| }
configure:20798: result: yes
configure:20810: checking for signal
configure:20810: gcc  -o conftest -g -O2   conftest.c  >&5
configure:20810: $? = 0
configure:20810: result: yes
configure:20816: checking for sigaction
configure:20816: gcc  -o conftest -g -O2   conftest.c  >&5
configure:20816: $? = 0
configure:20816: result: yes
configure:20822: checking for setpgid
configure:20822: gcc  -o conftest -g -O2   conftest.c  >&5
configure:20822: $? = 0
configure:20822: result: yes
configure:20832: checking for library containing dlopen
configure:20862: gcc  -o conftest -g -O2   conftest.c  >&5
configure:20862: $? = 0
configure:20882: result: none required
configure:20896: checking for sys/time.h
configure:20896: gcc  -c -g -O2  conftest.c >&5
configure:20896: $? = 0
configure:20896: result: yes
configure:20903: checking for getrusage
configure:20903: gcc  -o conftest -g -O2   conftest.c  >&5
configure:20903: $? = 0
configure:20903: result: yes
configure:20909: checking for gettimeofday
configure:20909: gcc  -o conftest -g -O2   conftest.c  >&5
configure:20909: $? = 0
configure:20909: result: yes
configure:20915: checking for clock_gettime
configure:20915: gcc  -o conftest -g -O2   conftest.c  >&5
configure:20915: $? = 0
configure:20915: result: yes
configure:20921: checking for clock_getres
configure:20921: gcc  -o conftest -g -O2   conftest.c  >&5
configure:20921: $? = 0
configure:20921: result: yes
configure:20928: checking for setitimer
configure:20928: gcc  -o conftest -g -O2   conftest.c  >&5
configure:20928: $? = 0
configure:20928: result: yes
configure:20936: checking for vm_allocate
configure:20936: gcc  -o conftest -g -O2   conftest.c  >&5
configure:20936: $? = 0
configure:20936: result: yes
configure:20942: checking for sbrk
configure:20942: gcc  -o conftest -g -O2   conftest.c  >&5
configure:20942: $? = 0
configure:20942: result: yes
configure:20948: checking for madvise
configure:20948: gcc  -o conftest -g -O2   conftest.c  >&5
configure:20948: $? = 0
configure:20948: result: yes
configure:20954: checking for sysconf
configure:20954: gcc  -o conftest -g -O2   conftest.c  >&5
configure:20954: $? = 0
configure:20954: result: yes
configure:20970: checking for special C compiler options needed for large files
configure:21018: result: no
configure:21024: checking for _FILE_OFFSET_BITS value needed for large files
configure:21050: gcc  -c -g -O2  conftest.c >&5
configure:21050: $? = 0
configure:21084: result: no
configure:21167: checking for library containing cos
configure:21197: gcc  -o conftest -g -O2   conftest.c  >&5
conftest.c:79:6: warning: incompatible redeclaration of library function 'cos' [-Wincompatible-library-redeclaration]
char cos ();
     ^
conftest.c:79:6: note: 'cos' is a builtin with type 'double (double)'
1 warning generated.
configure:21197: $? = 0
configure:21217: result: none required
configure:21231: checking for exp10
configure:21231: gcc  -o conftest -g -O2   conftest.c  >&5
Undefined symbols for architecture arm64:
  "_exp10", referenced from:
      _main in conftest-7986e3.o
ld: symbol(s) not found for architecture arm64
clang: error: linker command failed with exit code 1 (use -v to see invocation)
configure:21231: $? = 1
configure: failed program was:
| /* confdefs.h */
| #define PACKAGE_NAME "GAP"
| #define PACKAGE_TARNAME "gap-4.12.2"
| #define PACKAGE_VERSION "4.12.2"
| #define PACKAGE_STRING "GAP 4.12.2"
| #define PACKAGE_BUGREPORT "support@gap-system.org"
| #define PACKAGE_URL "https://www.gap-system.org/"
| #define HAVE_CXX11 1
| #define HAVE_STDIO_H 1
| #define HAVE_STDLIB_H 1
| #define HAVE_STRING_H 1
| #define HAVE_INTTYPES_H 1
| #define HAVE_STDINT_H 1
| #define HAVE_STRINGS_H 1
| #define HAVE_SYS_STAT_H 1
| #define HAVE_SYS_TYPES_H 1
| #define HAVE_UNISTD_H 1
| #define STDC_HEADERS 1
| #define SIZEOF_VOID_P 8
| #define HAVE_DLFCN_H 1
| #define LT_OBJDIR ".libs/"
| #define HAVE_FUNC_ATTRIBUTE_ALWAYS_INLINE 1
| #define HAVE_FUNC_ATTRIBUTE_CONSTRUCTOR 1
| #define HAVE_FUNC_ATTRIBUTE_FALLTHROUGH 1
| #define HAVE_FUNC_ATTRIBUTE_FORMAT 1
| #define HAVE_FUNC_ATTRIBUTE_NOINLINE 1
| #define HAVE_FUNC_ATTRIBUTE_NORETURN 1
| #define HAVE_FUNC_ATTRIBUTE_PURE 1
| #define HAVE___BUILTIN_MUL_OVERFLOW 1
| #define HAVE___BUILTIN_CLZ 1
| #define HAVE___BUILTIN_CLZL 1
| #define HAVE___BUILTIN_CLZLL 1
| #define HAVE___BUILTIN_POPCOUNTL 1
| #define SIZEOF_INT 4
| #define SIZEOF_LONG 8
| #define SIZEOF_LONG_LONG 8
| #define USE_POPCNT 1
| #define HAVE_GMP 1
| #define HAVE_ZLIB 1
| #define HAVE_READLINE_READLINE_H 1
| #define HAVE_LIBREADLINE 1
| #define GAPARCH "aarch64-apple-darwin20-default64-kv8"
| #define C_STACK_ALIGN 1
| #define HAVE_TERMIOS_H 1
| #define HAVE_SYS_IOCTL_H 1
| #define HAVE_SYS_RESOURCE_H 1
| #define HAVE_OPENPTY 1
| #define HAVE_UTIL_H 1
| #define HAVE_SIGNAL_H 1
| #define HAVE_SELECT 1
| #define HAVE_SPAWN_H 1
| #define HAVE_SYS_WAIT_H 1
| #define HAVE_FORK 1
| #define HAVE_VFORK 1
| #define HAVE_WORKING_VFORK 1
| #define HAVE_WORKING_FORK 1
| #define HAVE_POPEN 1
| #define HAVE_POSIX_SPAWN 1
| #define HAVE_POSIX_SPAWN_FILE_ACTIONS_ADDCHDIR_NP 1
| #define HAVE_SIGNAL 1
| #define HAVE_SIGACTION 1
| #define HAVE_SETPGID 1
| #define HAVE_DLOPEN 1
| #define HAVE_SYS_TIME_H 1
| #define HAVE_GETRUSAGE 1
| #define HAVE_GETTIMEOFDAY 1
| #define HAVE_CLOCK_GETTIME 1
| #define HAVE_CLOCK_GETRES 1
| #define HAVE_SETITIMER 1
| #define HAVE_VM_ALLOCATE 1
| #define HAVE_SBRK 1
| #define HAVE_MADVISE 1
| #define HAVE_SYSCONF 1
| /* end confdefs.h.  */
| /* Define exp10 to an innocuous variant, in case <limits.h> declares exp10.
|    For example, HP-UX 11i <limits.h> declares gettimeofday.  */
| #define exp10 innocuous_exp10
| 
| /* System header to define __stub macros and hopefully few prototypes,
|    which can conflict with char exp10 (); below.  */
| 
| #include <limits.h>
| #undef exp10
| 
| /* Override any GCC internal prototype to avoid an error.
|    Use char because int might match the return type of a GCC
|    builtin and then its argument prototype would still apply.  */
| #ifdef __cplusplus
| extern "C"
| #endif
| char exp10 ();
| /* The GNU C library defines this for functions which it implements
|     to always fail with ENOSYS.  Some functions are actually named
|     something starting with __ and the normal name is an alias.  */
| #if defined __stub_exp10 || defined __stub___exp10
| choke me
| #endif
| 
| int
| main (void)
| {
| return exp10 ();
|   ;
|   return 0;
| }
configure:21231: result: no
configure:21239: checking target system type
configure:21253: result: aarch64-apple-darwin20.6.0
configure:21284: checking how to run the C preprocessor
configure:21310: gcc  -E  conftest.c
configure:21310: $? = 0
configure:21325: gcc  -E  conftest.c
conftest.c:75:10: fatal error: 'ac_nonexistent.h' file not found
#include <ac_nonexistent.h>
         ^~~~~~~~~~~~~~~~~~
1 error generated.
configure:21325: $? = 1
configure: failed program was:
| /* confdefs.h */
| #define PACKAGE_NAME "GAP"
| #define PACKAGE_TARNAME "gap-4.12.2"
| #define PACKAGE_VERSION "4.12.2"
| #define PACKAGE_STRING "GAP 4.12.2"
| #define PACKAGE_BUGREPORT "support@gap-system.org"
| #define PACKAGE_URL "https://www.gap-system.org/"
| #define HAVE_CXX11 1
| #define HAVE_STDIO_H 1
| #define HAVE_STDLIB_H 1
| #define HAVE_STRING_H 1
| #define HAVE_INTTYPES_H 1
| #define HAVE_STDINT_H 1
| #define HAVE_STRINGS_H 1
| #define HAVE_SYS_STAT_H 1
| #define HAVE_SYS_TYPES_H 1
| #define HAVE_UNISTD_H 1
| #define STDC_HEADERS 1
| #define SIZEOF_VOID_P 8
| #define HAVE_DLFCN_H 1
| #define LT_OBJDIR ".libs/"
| #define HAVE_FUNC_ATTRIBUTE_ALWAYS_INLINE 1
| #define HAVE_FUNC_ATTRIBUTE_CONSTRUCTOR 1
| #define HAVE_FUNC_ATTRIBUTE_FALLTHROUGH 1
| #define HAVE_FUNC_ATTRIBUTE_FORMAT 1
| #define HAVE_FUNC_ATTRIBUTE_NOINLINE 1
| #define HAVE_FUNC_ATTRIBUTE_NORETURN 1
| #define HAVE_FUNC_ATTRIBUTE_PURE 1
| #define HAVE___BUILTIN_MUL_OVERFLOW 1
| #define HAVE___BUILTIN_CLZ 1
| #define HAVE___BUILTIN_CLZL 1
| #define HAVE___BUILTIN_CLZLL 1
| #define HAVE___BUILTIN_POPCOUNTL 1
| #define SIZEOF_INT 4
| #define SIZEOF_LONG 8
| #define SIZEOF_LONG_LONG 8
| #define USE_POPCNT 1
| #define HAVE_GMP 1
| #define HAVE_ZLIB 1
| #define HAVE_READLINE_READLINE_H 1
| #define HAVE_LIBREADLINE 1
| #define GAPARCH "aarch64-apple-darwin20-default64-kv8"
| #define C_STACK_ALIGN 1
| #define HAVE_TERMIOS_H 1
| #define HAVE_SYS_IOCTL_H 1
| #define HAVE_SYS_RESOURCE_H 1
| #define HAVE_OPENPTY 1
| #define HAVE_UTIL_H 1
| #define HAVE_SIGNAL_H 1
| #define HAVE_SELECT 1
| #define HAVE_SPAWN_H 1
| #define HAVE_SYS_WAIT_H 1
| #define HAVE_FORK 1
| #define HAVE_VFORK 1
| #define HAVE_WORKING_VFORK 1
| #define HAVE_WORKING_FORK 1
| #define HAVE_POPEN 1
| #define HAVE_POSIX_SPAWN 1
| #define HAVE_POSIX_SPAWN_FILE_ACTIONS_ADDCHDIR_NP 1
| #define HAVE_SIGNAL 1
| #define HAVE_SIGACTION 1
| #define HAVE_SETPGID 1
| #define HAVE_DLOPEN 1
| #define HAVE_SYS_TIME_H 1
| #define HAVE_GETRUSAGE 1
| #define HAVE_GETTIMEOFDAY 1
| #define HAVE_CLOCK_GETTIME 1
| #define HAVE_CLOCK_GETRES 1
| #define HAVE_SETITIMER 1
| #define HAVE_VM_ALLOCATE 1
| #define HAVE_SBRK 1
| #define HAVE_MADVISE 1
| #define HAVE_SYSCONF 1
| /* end confdefs.h.  */
| #include <ac_nonexistent.h>
configure:21352: result: gcc  -E
configure:21366: gcc  -E  conftest.c
configure:21366: $? = 0
configure:21381: gcc  -E  conftest.c
conftest.c:75:10: fatal error: 'ac_nonexistent.h' file not found
#include <ac_nonexistent.h>
         ^~~~~~~~~~~~~~~~~~
1 error generated.
configure:21381: $? = 1
configure: failed program was:
| /* confdefs.h */
| #define PACKAGE_NAME "GAP"
| #define PACKAGE_TARNAME "gap-4.12.2"
| #define PACKAGE_VERSION "4.12.2"
| #define PACKAGE_STRING "GAP 4.12.2"
| #define PACKAGE_BUGREPORT "support@gap-system.org"
| #define PACKAGE_URL "https://www.gap-system.org/"
| #define HAVE_CXX11 1
| #define HAVE_STDIO_H 1
| #define HAVE_STDLIB_H 1
| #define HAVE_STRING_H 1
| #define HAVE_INTTYPES_H 1
| #define HAVE_STDINT_H 1
| #define HAVE_STRINGS_H 1
| #define HAVE_SYS_STAT_H 1
| #define HAVE_SYS_TYPES_H 1
| #define HAVE_UNISTD_H 1
| #define STDC_HEADERS 1
| #define SIZEOF_VOID_P 8
| #define HAVE_DLFCN_H 1
| #define LT_OBJDIR ".libs/"
| #define HAVE_FUNC_ATTRIBUTE_ALWAYS_INLINE 1
| #define HAVE_FUNC_ATTRIBUTE_CONSTRUCTOR 1
| #define HAVE_FUNC_ATTRIBUTE_FALLTHROUGH 1
| #define HAVE_FUNC_ATTRIBUTE_FORMAT 1
| #define HAVE_FUNC_ATTRIBUTE_NOINLINE 1
| #define HAVE_FUNC_ATTRIBUTE_NORETURN 1
| #define HAVE_FUNC_ATTRIBUTE_PURE 1
| #define HAVE___BUILTIN_MUL_OVERFLOW 1
| #define HAVE___BUILTIN_CLZ 1
| #define HAVE___BUILTIN_CLZL 1
| #define HAVE___BUILTIN_CLZLL 1
| #define HAVE___BUILTIN_POPCOUNTL 1
| #define SIZEOF_INT 4
| #define SIZEOF_LONG 8
| #define SIZEOF_LONG_LONG 8
| #define USE_POPCNT 1
| #define HAVE_GMP 1
| #define HAVE_ZLIB 1
| #define HAVE_READLINE_READLINE_H 1
| #define HAVE_LIBREADLINE 1
| #define GAPARCH "aarch64-apple-darwin20-default64-kv8"
| #define C_STACK_ALIGN 1
| #define HAVE_TERMIOS_H 1
| #define HAVE_SYS_IOCTL_H 1
| #define HAVE_SYS_RESOURCE_H 1
| #define HAVE_OPENPTY 1
| #define HAVE_UTIL_H 1
| #define HAVE_SIGNAL_H 1
| #define HAVE_SELECT 1
| #define HAVE_SPAWN_H 1
| #define HAVE_SYS_WAIT_H 1
| #define HAVE_FORK 1
| #define HAVE_VFORK 1
| #define HAVE_WORKING_VFORK 1
| #define HAVE_WORKING_FORK 1
| #define HAVE_POPEN 1
| #define HAVE_POSIX_SPAWN 1
| #define HAVE_POSIX_SPAWN_FILE_ACTIONS_ADDCHDIR_NP 1
| #define HAVE_SIGNAL 1
| #define HAVE_SIGACTION 1
| #define HAVE_SETPGID 1
| #define HAVE_DLOPEN 1
| #define HAVE_SYS_TIME_H 1
| #define HAVE_GETRUSAGE 1
| #define HAVE_GETTIMEOFDAY 1
| #define HAVE_CLOCK_GETTIME 1
| #define HAVE_CLOCK_GETRES 1
| #define HAVE_SETITIMER 1
| #define HAVE_VM_ALLOCATE 1
| #define HAVE_SBRK 1
| #define HAVE_MADVISE 1
| #define HAVE_SYSCONF 1
| /* end confdefs.h.  */
| #include <ac_nonexistent.h>
configure:22181: checking for execinfo.h
configure:22181: gcc  -c -g -O2  conftest.c >&5
configure:22181: $? = 0
configure:22181: result: yes
configure:22190: checking size parameter type for backtrace()
configure:22223: gcc  -c -g -O2  conftest.c >&5
conftest.c:79:1: error: unknown type name 'size_t'
size_t backtrace(void **addrlist, size_t len);
^
conftest.c:79:35: error: unknown type name 'size_t'
size_t backtrace(void **addrlist, size_t len);
                                  ^
conftest.c:80:47: error: unknown type name 'size_t'
char **backtrace_symbols(void *const *buffer, size_t size);
                                              ^
3 errors generated.
configure:22223: $? = 1
configure: failed program was:
| /* confdefs.h */
| #define PACKAGE_NAME "GAP"
| #define PACKAGE_TARNAME "gap-4.12.2"
| #define PACKAGE_VERSION "4.12.2"
| #define PACKAGE_STRING "GAP 4.12.2"
| #define PACKAGE_BUGREPORT "support@gap-system.org"
| #define PACKAGE_URL "https://www.gap-system.org/"
| #define HAVE_CXX11 1
| #define HAVE_STDIO_H 1
| #define HAVE_STDLIB_H 1
| #define HAVE_STRING_H 1
| #define HAVE_INTTYPES_H 1
| #define HAVE_STDINT_H 1
| #define HAVE_STRINGS_H 1
| #define HAVE_SYS_STAT_H 1
| #define HAVE_SYS_TYPES_H 1
| #define HAVE_UNISTD_H 1
| #define STDC_HEADERS 1
| #define SIZEOF_VOID_P 8
| #define HAVE_DLFCN_H 1
| #define LT_OBJDIR ".libs/"
| #define HAVE_FUNC_ATTRIBUTE_ALWAYS_INLINE 1
| #define HAVE_FUNC_ATTRIBUTE_CONSTRUCTOR 1
| #define HAVE_FUNC_ATTRIBUTE_FALLTHROUGH 1
| #define HAVE_FUNC_ATTRIBUTE_FORMAT 1
| #define HAVE_FUNC_ATTRIBUTE_NOINLINE 1
| #define HAVE_FUNC_ATTRIBUTE_NORETURN 1
| #define HAVE_FUNC_ATTRIBUTE_PURE 1
| #define HAVE___BUILTIN_MUL_OVERFLOW 1
| #define HAVE___BUILTIN_CLZ 1
| #define HAVE___BUILTIN_CLZL 1
| #define HAVE___BUILTIN_CLZLL 1
| #define HAVE___BUILTIN_POPCOUNTL 1
| #define SIZEOF_INT 4
| #define SIZEOF_LONG 8
| #define SIZEOF_LONG_LONG 8
| #define USE_POPCNT 1
| #define HAVE_GMP 1
| #define HAVE_ZLIB 1
| #define HAVE_READLINE_READLINE_H 1
| #define HAVE_LIBREADLINE 1
| #define GAPARCH "aarch64-apple-darwin20-default64-kv8"
| #define C_STACK_ALIGN 1
| #define HAVE_TERMIOS_H 1
| #define HAVE_SYS_IOCTL_H 1
| #define HAVE_SYS_RESOURCE_H 1
| #define HAVE_OPENPTY 1
| #define HAVE_UTIL_H 1
| #define HAVE_SIGNAL_H 1
| #define HAVE_SELECT 1
| #define HAVE_SPAWN_H 1
| #define HAVE_SYS_WAIT_H 1
| #define HAVE_FORK 1
| #define HAVE_VFORK 1
| #define HAVE_WORKING_VFORK 1
| #define HAVE_WORKING_FORK 1
| #define HAVE_POPEN 1
| #define HAVE_POSIX_SPAWN 1
| #define HAVE_POSIX_SPAWN_FILE_ACTIONS_ADDCHDIR_NP 1
| #define HAVE_SIGNAL 1
| #define HAVE_SIGACTION 1
| #define HAVE_SETPGID 1
| #define HAVE_DLOPEN 1
| #define HAVE_SYS_TIME_H 1
| #define HAVE_GETRUSAGE 1
| #define HAVE_GETTIMEOFDAY 1
| #define HAVE_CLOCK_GETTIME 1
| #define HAVE_CLOCK_GETRES 1
| #define HAVE_SETITIMER 1
| #define HAVE_VM_ALLOCATE 1
| #define HAVE_SBRK 1
| #define HAVE_MADVISE 1
| #define HAVE_SYSCONF 1
| #define HAVE_EXECINFO_H 1
| /* end confdefs.h.  */
| 
| #include <execinfo.h>
| extern
| size_t backtrace(void **addrlist, size_t len);
| char **backtrace_symbols(void *const *buffer, size_t size);
| 
| int
| main (void)
| {
| 
|   ;
|   return 0;
| }
configure:22223: gcc  -c -g -O2  conftest.c >&5
configure:22223: $? = 0
configure:22236: result: int
configure:22245: checking for library containing backtrace
configure:22275: gcc  -o conftest -g -O2   conftest.c  >&5
configure:22275: $? = 0
configure:22295: result: none required
configure:22459: creating ./config.status

## ---------------------- ##
## Running config.status. ##
## ---------------------- ##

This file was extended by GAP config.status 4.12.2, which was
generated by GNU Autoconf 2.71.  Invocation command line was

  CONFIG_FILES    = 
  CONFIG_HEADERS  = 
  CONFIG_LINKS    = 
  CONFIG_COMMANDS = 
  $ ./config.status 

on dhcp-vl2043-4716.cornell-visitor.cit.cornell.edu

config.status:1228: creating bin/gap.sh
config.status:1228: creating GNUmakefile
config.status:1228: creating CITATION
config.status:1228: creating doc/make_doc
config.status:1228: creating doc/versiondata
config.status:1228: creating build/config.h
config.status:1423: executing build/stamp-h commands
config.status:1423: executing libtool commands

## ---------------- ##
## Cache variables. ##
## ---------------- ##

ac_cv_build=aarch64-apple-darwin20.6.0
ac_cv_c_bigendian=no
ac_cv_c_compiler_gnu=yes
ac_cv_cxx_compiler_gnu=yes
ac_cv_env_ABI_set=
ac_cv_env_ABI_value=
ac_cv_env_CCC_set=
ac_cv_env_CCC_value=
ac_cv_env_CC_set=
ac_cv_env_CC_value=
ac_cv_env_CFLAGS_set=
ac_cv_env_CFLAGS_value=
ac_cv_env_CPPFLAGS_set=
ac_cv_env_CPPFLAGS_value=
ac_cv_env_CPP_set=
ac_cv_env_CPP_value=
ac_cv_env_CXXCPP_set=
ac_cv_env_CXXCPP_value=
ac_cv_env_CXXFLAGS_set=
ac_cv_env_CXXFLAGS_value=
ac_cv_env_CXX_set=
ac_cv_env_CXX_value=
ac_cv_env_GMP_CPPFLAGS_set=
ac_cv_env_GMP_CPPFLAGS_value=
ac_cv_env_GMP_LDFLAGS_set=
ac_cv_env_GMP_LDFLAGS_value=
ac_cv_env_LDFLAGS_set=
ac_cv_env_LDFLAGS_value=
ac_cv_env_LIBS_set=
ac_cv_env_LIBS_value=
ac_cv_env_LT_SYS_LIBRARY_PATH_set=
ac_cv_env_LT_SYS_LIBRARY_PATH_value=
ac_cv_env_ZLIB_CPPFLAGS_set=
ac_cv_env_ZLIB_CPPFLAGS_value=
ac_cv_env_ZLIB_LDFLAGS_set=
ac_cv_env_ZLIB_LDFLAGS_value=
ac_cv_env_build_alias_set=
ac_cv_env_build_alias_value=
ac_cv_env_host_alias_set=
ac_cv_env_host_alias_value=
ac_cv_env_target_alias_set=
ac_cv_env_target_alias_value=
ac_cv_func_clock_getres=yes
ac_cv_func_clock_gettime=yes
ac_cv_func_exp10=no
ac_cv_func_fork=yes
ac_cv_func_fork_works=yes
ac_cv_func_getrusage=yes
ac_cv_func_gettimeofday=yes
ac_cv_func_madvise=yes
ac_cv_func_popen=yes
ac_cv_func_posix_spawn=yes
ac_cv_func_posix_spawn_file_actions_addchdir=no
ac_cv_func_posix_spawn_file_actions_addchdir_np=yes
ac_cv_func_sbrk=yes
ac_cv_func_select=yes
ac_cv_func_setitimer=yes
ac_cv_func_setpgid=yes
ac_cv_func_sigaction=yes
ac_cv_func_signal=yes
ac_cv_func_sysconf=yes
ac_cv_func_vfork=yes
ac_cv_func_vfork_works=yes
ac_cv_func_vm_allocate=yes
ac_cv_header_dlfcn_h=yes
ac_cv_header_execinfo_h=yes
ac_cv_header_gmp_h=yes
ac_cv_header_inttypes_h=yes
ac_cv_header_libutil_h=no
ac_cv_header_pty_h=no
ac_cv_header_readline_readline_h=yes
ac_cv_header_signal_h=yes
ac_cv_header_spawn_h=yes
ac_cv_header_stdint_h=yes
ac_cv_header_stdio_h=yes
ac_cv_header_stdlib_h=yes
ac_cv_header_string_h=yes
ac_cv_header_strings_h=yes
ac_cv_header_sys_ioctl_h=yes
ac_cv_header_sys_resource_h=yes
ac_cv_header_sys_stat_h=yes
ac_cv_header_sys_time_h=yes
ac_cv_header_sys_types_h=yes
ac_cv_header_sys_wait_h=yes
ac_cv_header_termios_h=yes
ac_cv_header_unistd_h=yes
ac_cv_header_util_h=yes
ac_cv_header_vfork_h=no
ac_cv_header_zlib_h=yes
ac_cv_host=aarch64-apple-darwin20.6.0
ac_cv_lib_dl_dlopen=yes
ac_cv_lib_gmp___gmpz_init=yes
ac_cv_lib_z_inflateEnd=yes
ac_cv_objext=o
ac_cv_path_EGREP='/usr/bin/grep -E'
ac_cv_path_FGREP='/usr/bin/grep -F'
ac_cv_path_GREP=/usr/bin/grep
ac_cv_path_SED=/usr/bin/sed
ac_cv_path_install='/usr/bin/install -c'
ac_cv_path_lt_DD=/bin/dd
ac_cv_prog_AWK=awk
ac_cv_prog_CPP='gcc  -E'
ac_cv_prog_CXXCPP='g++ -std=gnu++11  -E'
ac_cv_prog_ac_ct_AR=ar
ac_cv_prog_ac_ct_CC=gcc
ac_cv_prog_ac_ct_CXX=g++
ac_cv_prog_ac_ct_DSYMUTIL=dsymutil
ac_cv_prog_ac_ct_LIPO=lipo
ac_cv_prog_ac_ct_NMEDIT=nmedit
ac_cv_prog_ac_ct_OBJDUMP=objdump
ac_cv_prog_ac_ct_OTOOL=otool
ac_cv_prog_ac_ct_RANLIB=ranlib
ac_cv_prog_ac_ct_STRIP=strip
ac_cv_prog_cc_c11=
ac_cv_prog_cc_g=yes
ac_cv_prog_cc_stdc=
ac_cv_prog_cxx_11=no
ac_cv_prog_cxx_g=yes
ac_cv_prog_cxx_stdcxx=
ac_cv_search_backtrace='none required'
ac_cv_search_cos='none required'
ac_cv_search_dlopen='none required'
ac_cv_search_openpty='none required'
ac_cv_search_rl_bind_keyseq=-lreadline
ac_cv_sizeof_int=4
ac_cv_sizeof_long=8
ac_cv_sizeof_long_long=8
ac_cv_sizeof_void_p=8
ac_cv_sys_file_offset_bits=no
ac_cv_sys_largefile_CC=no
ac_cv_target=aarch64-apple-darwin20.6.0
ac_cv_type_pid_t=yes
ac_cv_type_sig_atomic_t=yes
ax_cv_check_cflags__Wall=yes
ax_cv_check_cflags__Warray_bounds=yes
ax_cv_check_cflags__Wdouble_promotion=yes
ax_cv_check_cflags__Wduplicated_branches=no
ax_cv_check_cflags__Wduplicated_cond=no
ax_cv_check_cflags__Wextra=yes
ax_cv_check_cflags__Wformat_2=yes
ax_cv_check_cflags__Wformat_nonliteral=yes
ax_cv_check_cflags__Wformat_security=yes
ax_cv_check_cflags__Wimplicit_function_declaration=yes
ax_cv_check_cflags__Winit_self=yes
ax_cv_check_cflags__Wjump_misses_init=no
ax_cv_check_cflags__Wlogical_op=no
ax_cv_check_cflags__Wmissing_field_initializers=yes
ax_cv_check_cflags__Wmissing_format_attribute=yes
ax_cv_check_cflags__Wmissing_include_dirs=yes
ax_cv_check_cflags__Wmissing_variable_declarations=yes
ax_cv_check_cflags__Wnested_externs=yes
ax_cv_check_cflags__Wno_cast_function_type=no
ax_cv_check_cflags__Wno_error_implicit_fallthrough=yes
ax_cv_check_cflags__Wno_error_inline=yes
ax_cv_check_cflags__Wno_error_pragmas=yes
ax_cv_check_cflags__Wno_error_sign_compare=yes
ax_cv_check_cflags__Wno_error_unused_parameter=yes
ax_cv_check_cflags__Wno_implicit_fallthrough=yes
ax_cv_check_cflags__Wno_inline=yes
ax_cv_check_cflags__Wno_pragmas=yes
ax_cv_check_cflags__Wno_sign_compare=yes
ax_cv_check_cflags__Wno_unused_parameter=yes
ax_cv_check_cflags__Wold_style_definition=yes
ax_cv_check_cflags__Wpacked=yes
ax_cv_check_cflags__Wpointer_arith=yes
ax_cv_check_cflags__Wredundant_decls=yes
ax_cv_check_cflags__Wrestrict=no
ax_cv_check_cflags__Wreturn_type=yes
ax_cv_check_cflags__Wshadow=yes
ax_cv_check_cflags__Wstrict_aliasing=yes
ax_cv_check_cflags__Wstrict_prototypes=yes
ax_cv_check_cflags__Wundef=yes
ax_cv_check_cflags__Wunused_but_set_variable=no
ax_cv_check_cflags__Wwrite_strings=yes
ax_cv_check_cflags___Werror_unknown_warning_option=yes
ax_cv_check_cflags___Wno_suggest_attribute_format=yes
ax_cv_check_cflags__fno_strict_aliasing=yes
ax_cv_check_cxxflags__Wextra_semi=yes
ax_cv_cxx_compile_cxx11__std_gnupp11=yes
ax_cv_have_GMP=yes
ax_cv_have_ZLIB=yes
ax_cv_have_func_attribute_always_inline=yes
ax_cv_have_func_attribute_constructor=yes
ax_cv_have_func_attribute_fallthrough=yes
ax_cv_have_func_attribute_format=yes
ax_cv_have_func_attribute_noinline=yes
ax_cv_have_func_attribute_noreturn=yes
ax_cv_have_func_attribute_pure=yes
ax_cv_proto_backtrace_type=int
gp_cv_c_long_align=1
lt_cv_apple_cc_single_mod=yes
lt_cv_ar_at_file=no
lt_cv_deplibs_check_method=pass_all
lt_cv_dlopen=dlopen
lt_cv_dlopen_libs=-ldl
lt_cv_dlopen_self=yes
lt_cv_dlopen_self_static=yes
lt_cv_file_magic_cmd='$MAGIC_CMD'
lt_cv_file_magic_test_file=
lt_cv_ld_exported_symbols_list=yes
lt_cv_ld_force_load=yes
lt_cv_ld_reload_flag=-r
lt_cv_nm_interface='BSD nm'
lt_cv_objdir=.libs
lt_cv_path_LD=/Library/Developer/CommandLineTools/usr/bin/ld
lt_cv_path_LDCXX=/Library/Developer/CommandLineTools/usr/bin/ld
lt_cv_path_NM='/usr/bin/nm -B'
lt_cv_path_mainfest_tool=no
lt_cv_prog_compiler_c_o=yes
lt_cv_prog_compiler_c_o_CXX=yes
lt_cv_prog_compiler_pic='-fno-common -DPIC'
lt_cv_prog_compiler_pic_CXX='-fno-common -DPIC'
lt_cv_prog_compiler_pic_works=yes
lt_cv_prog_compiler_pic_works_CXX=yes
lt_cv_prog_compiler_rtti_exceptions=yes
lt_cv_prog_compiler_static_works=no
lt_cv_prog_compiler_static_works_CXX=no
lt_cv_prog_gnu_ld=no
lt_cv_prog_gnu_ldcxx=no
lt_cv_sharedlib_from_linklib_cmd='printf %s\n'
lt_cv_sys_global_symbol_pipe='sed -n -e '\''s/^.*[	 ]\([BCDEGRST][BCDEGRST]*\)[	 ][	 ]*_\([_A-Za-z][_A-Za-z0-9]*\)$/\1 _\2 \2/p'\'' | sed '\''/ __gnu_lto/d'\'''
lt_cv_sys_global_symbol_to_c_name_address='sed -n -e '\''s/^: \(.*\) .*$/  {"\1", (void *) 0},/p'\'' -e '\''s/^[BCDEGRST][BCDEGRST]* .* \(.*\)$/  {"\1", (void *) \&\1},/p'\'''
lt_cv_sys_global_symbol_to_c_name_address_lib_prefix='sed -n -e '\''s/^: \(.*\) .*$/  {"\1", (void *) 0},/p'\'' -e '\''s/^[BCDEGRST][BCDEGRST]* .* \(lib.*\)$/  {"\1", (void *) \&\1},/p'\'' -e '\''s/^[BCDEGRST][BCDEGRST]* .* \(.*\)$/  {"lib\1", (void *) \&\1},/p'\'''
lt_cv_sys_global_symbol_to_cdecl='sed -n -e '\''s/^T .* \(.*\)$/extern int \1();/p'\'' -e '\''s/^[BCDEGRST][BCDEGRST]* .* \(.*\)$/extern char \1;/p'\'''
lt_cv_sys_global_symbol_to_import=
lt_cv_sys_max_cmd_len=786432
lt_cv_to_host_file_cmd=func_convert_file_noop
lt_cv_to_tool_file_cmd=func_convert_file_noop
lt_cv_truncate_bin='/bin/dd bs=4096 count=1'

## ----------------- ##
## Output variables. ##
## ----------------- ##

ABI='64'
ABI_CFLAGS=''
AR='ar'
AS='as'
AWK='awk'
BOEHM_GC_CPPFLAGS=''
BOEHM_GC_LDFLAGS=''
BOEHM_GC_LIBS=''
BUILD_BOEHM_GC=''
BUILD_GMP='no'
BUILD_LIBATOMIC_OPS=''
BUILD_ZLIB='no'
CC='gcc '
CFLAGS='-g -O2'
COMPAT_MODE='yes'
CPP='gcc  -E'
CPPFLAGS=''
CXX='g++ -std=gnu++11 '
CXXCPP='g++ -std=gnu++11  -E'
CXXFLAGS='-g -O2'
DEFS='-DHAVE_CONFIG_H'
DLLTOOL='false'
DSYMUTIL='dsymutil'
DUMPBIN=''
ECHO_C='\c'
ECHO_N=''
ECHO_T=''
EGREP='/usr/bin/grep -E'
EXEEXT=''
FGREP='/usr/bin/grep -F'
GAPARCH='aarch64-apple-darwin20-default64-kv8'
GAP_DEFINES=' -DUSE_GASMAN=1'
GAP_LIBTOOL_AGE='0'
GAP_LIBTOOL_CURRENT='8'
GAP_RELEASEDAY='2022-12-18'
GAP_RELEASEYEAR='2022'
GAP_VERSION='4.12.2'
GC_SOURCES='src/gasman.c src/sysmem.c'
GMP_CPPFLAGS='-I/opt/homebrew/include'
GMP_LDFLAGS='-L/opt/homebrew/lib'
GMP_LIBS='-lgmp'
GMP_PREFIX='/opt/homebrew'
GREP='/usr/bin/grep'
HAVE_CXX11='1'
HPCGAP='no'
INSTALL_DATA='${INSTALL} -m 644'
INSTALL_PROGRAM='${INSTALL}'
INSTALL_SCRIPT='${INSTALL}'
JULIA=''
JULIA_CFLAGS=''
JULIA_LDFLAGS=''
JULIA_LIBS=''
JULIA_VERSION=''
LD='/Library/Developer/CommandLineTools/usr/bin/ld'
LDFLAGS=''
LIBATOMIC_OPS_CPPFLAGS=''
LIBATOMIC_OPS_LDFLAGS=''
LIBATOMIC_OPS_LIBS=''
LIBOBJS=''
LIBS=''
LIBTOOL='$(SHELL) $(top_builddir)/libtool'
LIPO='lipo'
LN_S='ln -s'
LTLIBOBJS=''
LT_SYS_LIBRARY_PATH=''
MAINTAINER_MODE='yes'
MANIFEST_TOOL=':'
MKDIR_P='./cnf/install-sh -c -d'
NM='/usr/bin/nm -B'
NMEDIT='nmedit'
OBJDUMP='objdump'
OBJEXT='o'
OTOOL64=':'
OTOOL='otool'
PACKAGE_BUGREPORT='support@gap-system.org'
PACKAGE_NAME='GAP'
PACKAGE_STRING='GAP 4.12.2'
PACKAGE_TARNAME='gap-4.12.2'
PACKAGE_URL='https://www.gap-system.org/'
PACKAGE_VERSION='4.12.2'
PATH_SEPARATOR=':'
PTHREAD_CC=''
PTHREAD_CFLAGS=''
PTHREAD_CXX=''
PTHREAD_LIBS=''
RANLIB='ranlib'
READLINE_CPPFLAGS='-I/opt/homebrew/opt/readline/include'
READLINE_LDFLAGS='-L/opt/homebrew/opt/readline/lib'
READLINE_LIBS='-lreadline'
SED='/usr/bin/sed'
SHELL='/bin/sh'
STRIP='strip'
SYS_IS_CYGWIN32=''
WARN_CFLAGS='-fno-strict-aliasing -Wall -Wextra -Warray-bounds -Wdouble-promotion -Wformat-nonliteral -Wformat-security -Wformat=2 -Winit-self -Wno-inline -Wmissing-field-initializers -Wmissing-format-attribute -Wmissing-include-dirs -Wmissing-variable-declarations -Wno-pragmas -Wpacked -Wpointer-arith -Wredundant-decls -Wreturn-type -Wshadow -Wno-sign-compare -Wstrict-aliasing -Wundef -Wno-unused-parameter -Wwrite-strings -Wno-implicit-fallthrough -Wimplicit-function-declaration -Wnested-externs -Wold-style-definition -Wstrict-prototypes -Wno-error=inline -Wno-error=pragmas -Wno-error=sign-compare -Wno-error=unused-parameter -Wno-error=implicit-fallthrough'
WARN_CXXFLAGS='-fno-strict-aliasing -Wall -Wextra -Warray-bounds -Wdouble-promotion -Wformat-nonliteral -Wformat-security -Wformat=2 -Winit-self -Wno-inline -Wmissing-field-initializers -Wmissing-format-attribute -Wmissing-include-dirs -Wmissing-variable-declarations -Wno-pragmas -Wpacked -Wpointer-arith -Wredundant-decls -Wreturn-type -Wshadow -Wno-sign-compare -Wstrict-aliasing -Wundef -Wno-unused-parameter -Wwrite-strings -Wextra-semi'
ZLIB_CPPFLAGS=''
ZLIB_LDFLAGS=''
ZLIB_LIBS='-lz'
ac_ct_AR='ar'
ac_ct_CC='gcc'
ac_ct_CXX='g++'
ac_ct_DUMPBIN=''
ax_pthread_config=''
bindir='${exec_prefix}/bin'
build='aarch64-apple-darwin20.6.0'
build_alias=''
build_cpu='aarch64'
build_os='darwin20.6.0'
build_vendor='apple'
datadir='${datarootdir}'
datarootdir='${prefix}/share'
docdir='${datarootdir}/doc/${PACKAGE_TARNAME}'
dvidir='${docdir}'
exec_prefix='${prefix}'
gap_kernel_major_version='8'
gap_kernel_minor_version='0'
gapdir=''
host='aarch64-apple-darwin20.6.0'
host_alias=''
host_cpu='aarch64'
host_os='darwin20.6.0'
host_vendor='apple'
htmldir='${docdir}'
includedir='${prefix}/include'
infodir='${datarootdir}/info'
libdir='${exec_prefix}/lib'
libexecdir='${exec_prefix}/libexec'
localedir='${datarootdir}/locale'
localstatedir='${prefix}/var'
mandir='${datarootdir}/man'
oldincludedir='/usr/include'
pdfdir='${docdir}'
prefix='/usr/local'
program_transform_name='s,x,x,'
psdir='${docdir}'
runstatedir='${localstatedir}/run'
sbindir='${exec_prefix}/sbin'
sharedstatedir='${prefix}/com'
sysconfdir='${prefix}/etc'
target='aarch64-apple-darwin20.6.0'
target_alias=''
target_cpu='aarch64'
target_os='darwin20.6.0'
target_vendor='apple'
wincygbin=''
wingapdir=''

## ----------- ##
## confdefs.h. ##
## ----------- ##

/* confdefs.h */
#define PACKAGE_NAME "GAP"
#define PACKAGE_TARNAME "gap-4.12.2"
#define PACKAGE_VERSION "4.12.2"
#define PACKAGE_STRING "GAP 4.12.2"
#define PACKAGE_BUGREPORT "support@gap-system.org"
#define PACKAGE_URL "https://www.gap-system.org/"
#define HAVE_CXX11 1
#define HAVE_STDIO_H 1
#define HAVE_STDLIB_H 1
#define HAVE_STRING_H 1
#define HAVE_INTTYPES_H 1
#define HAVE_STDINT_H 1
#define HAVE_STRINGS_H 1
#define HAVE_SYS_STAT_H 1
#define HAVE_SYS_TYPES_H 1
#define HAVE_UNISTD_H 1
#define STDC_HEADERS 1
#define SIZEOF_VOID_P 8
#define HAVE_DLFCN_H 1
#define LT_OBJDIR ".libs/"
#define HAVE_FUNC_ATTRIBUTE_ALWAYS_INLINE 1
#define HAVE_FUNC_ATTRIBUTE_CONSTRUCTOR 1
#define HAVE_FUNC_ATTRIBUTE_FALLTHROUGH 1
#define HAVE_FUNC_ATTRIBUTE_FORMAT 1
#define HAVE_FUNC_ATTRIBUTE_NOINLINE 1
#define HAVE_FUNC_ATTRIBUTE_NORETURN 1
#define HAVE_FUNC_ATTRIBUTE_PURE 1
#define HAVE___BUILTIN_MUL_OVERFLOW 1
#define HAVE___BUILTIN_CLZ 1
#define HAVE___BUILTIN_CLZL 1
#define HAVE___BUILTIN_CLZLL 1
#define HAVE___BUILTIN_POPCOUNTL 1
#define SIZEOF_INT 4
#define SIZEOF_LONG 8
#define SIZEOF_LONG_LONG 8
#define USE_POPCNT 1
#define HAVE_GMP 1
#define HAVE_ZLIB 1
#define HAVE_READLINE_READLINE_H 1
#define HAVE_LIBREADLINE 1
#define GAPARCH "aarch64-apple-darwin20-default64-kv8"
#define C_STACK_ALIGN 1
#define HAVE_TERMIOS_H 1
#define HAVE_SYS_IOCTL_H 1
#define HAVE_SYS_RESOURCE_H 1
#define HAVE_OPENPTY 1
#define HAVE_UTIL_H 1
#define HAVE_SIGNAL_H 1
#define HAVE_SELECT 1
#define HAVE_SPAWN_H 1
#define HAVE_SYS_WAIT_H 1
#define HAVE_FORK 1
#define HAVE_VFORK 1
#define HAVE_WORKING_VFORK 1
#define HAVE_WORKING_FORK 1
#define HAVE_POPEN 1
#define HAVE_POSIX_SPAWN 1
#define HAVE_POSIX_SPAWN_FILE_ACTIONS_ADDCHDIR_NP 1
#define HAVE_SIGNAL 1
#define HAVE_SIGACTION 1
#define HAVE_SETPGID 1
#define HAVE_DLOPEN 1
#define HAVE_SYS_TIME_H 1
#define HAVE_GETRUSAGE 1
#define HAVE_GETTIMEOFDAY 1
#define HAVE_CLOCK_GETTIME 1
#define HAVE_CLOCK_GETRES 1
#define HAVE_SETITIMER 1
#define HAVE_VM_ALLOCATE 1
#define HAVE_SBRK 1
#define HAVE_MADVISE 1
#define HAVE_SYSCONF 1
#define HAVE_EXECINFO_H 1
#define backtrace_size_t int
#define HAVE_BACKTRACE 1

configure: exit 0
